Log file open, 04/09/18 16:02:28
LogInit: Display: Running engine for game: Gacha
LogPlatformFile: Not using cached read wrapper
LogInit: Display: RandInit(-619786667) SRandInit(-619786666).
LogInit: Read version file with build ID 'cc358ab8-f1e1-4536-8149-44d8a05c9b00'
LogInit: Registered custom module enumerator with build ID 'cc358ab8-f1e1-4536-8149-44d8a05c9b00'
LogTaskGraph: Started task graph with 5 named threads and 8 total threads with 3 sets of task threads.
LogStats: Stats thread started at 0.176540
LogPluginManager: Mounting plugin SpeedTreeImporter
LogPluginManager: Mounting plugin MobileLauncherProfileWizard
LogPluginManager: Mounting plugin FacialAnimation
LogPluginManager: Mounting plugin GameplayTagsEditor
LogPluginManager: Mounting plugin PluginBrowser
LogPluginManager: Mounting plugin AudioCapture
LogPluginManager: Mounting plugin AssetManagerEditor
LogPluginManager: Mounting plugin LightPropagationVolume
LogPluginManager: Mounting plugin MediaPlayerEditor
LogPluginManager: Mounting plugin AndroidMedia
LogPluginManager: Mounting plugin ImgMedia
LogPluginManager: Mounting plugin AvfMedia
LogPluginManager: Mounting plugin MediaCompositing
LogPluginManager: Mounting plugin WmfMedia
LogPluginManager: Mounting plugin IOSDeviceProfileSelector
LogPluginManager: Mounting plugin SteamVR
LogPluginManager: Mounting plugin RuntimePhysXCooking
LogPluginManager: Mounting plugin ProceduralMeshComponent
LogPluginManager: Mounting plugin AndroidDeviceProfileSelector
LogPluginManager: Mounting plugin AppleARKit
LogPluginManager: Mounting plugin GoogleCloudMessaging
LogPluginManager: Mounting plugin AppleMoviePlayer
LogPluginManager: Mounting plugin ExampleDeviceProfileSelector
LogPluginManager: Mounting plugin AndroidPermission
LogPluginManager: Mounting plugin CableComponent
LogPluginManager: Mounting plugin MobilePatchingUtils
LogPluginManager: Mounting plugin PhysXVehicles
LogPluginManager: Mounting plugin LocationServicesBPLibrary
LogPluginManager: Mounting plugin WindowsMoviePlayer
LogPluginManager: Mounting plugin ImmediatePhysics
LogPluginManager: Mounting plugin LinuxDeviceProfileSelector
LogPluginManager: Mounting plugin ArchVisCharacter
LogPluginManager: Mounting plugin OculusVR
LogPluginManager: Plugin shader directory ../../../Engine/Plugins/Runtime/Oculus/OculusVR/Shaders found
LogPluginManager: Mapping shader source directory ../../../Engine/Plugins/Runtime/Oculus/OculusVR/Shaders to virtual directory /Plugin/OculusVR
LogPluginManager: Mounting plugin AndroidMoviePlayer
LogPluginManager: Mounting plugin CustomMeshComponent
LogPluginManager: Mounting plugin Paper2D
LogPluginManager: Mounting plugin OnlineSubsystemIOS
LogPluginManager: Mounting plugin OnlineSubsystemNull
LogPluginManager: Mounting plugin OnlineSubsystem
LogPluginManager: Mounting plugin OnlineSubsystemGooglePlay
LogPluginManager: Mounting plugin OnlineSubsystemUtils
LogPluginManager: Mounting plugin TcpMessaging
LogPluginManager: Mounting plugin UdpMessaging
LogPluginManager: Mounting plugin HTML5Networking
LogPluginManager: Mounting plugin AlembicImporter
LogPluginManager: Mounting plugin CharacterAI
LogPluginManager: Mounting plugin PerforceSourceControl
LogPluginManager: Mounting plugin NullSourceCodeAccess
LogPluginManager: Mounting plugin KDevelopSourceCodeAccess
LogPluginManager: Mounting plugin VisualStudioSourceCodeAccess
LogPluginManager: Mounting plugin SubversionSourceControl
LogPluginManager: Mounting plugin UObjectPlugin
LogPluginManager: Mounting plugin CodeLiteSourceCodeAccess
LogPluginManager: Mounting plugin GitSourceControl
LogPluginManager: Mounting plugin XCodeSourceCodeAccess
LogPluginManager: Mounting plugin VisualStudioCodeSourceCodeAccess
LogPluginManager: Mounting plugin ActorSequence
LogPluginManager: Mounting plugin MatineeToLevelSequence
LogPluginManager: Mounting plugin LevelSequenceEditor
LogModuleManager: Display: Found up-to-date module file ../../../Engine/Plugins/Editor/SpeedTreeImporter/Binaries/Linux/libUE4Editor-SpeedTreeImporter.so (API version 0).
LogModuleManager: Display: Found up-to-date module file ../../../Engine/Plugins/Editor/MobileLauncherProfileWizard/Binaries/Linux/libUE4Editor-MobileLauncherProfileWizard.so (API version 0).
LogModuleManager: Display: Found up-to-date module file ../../../Engine/Plugins/Editor/FacialAnimation/Binaries/Linux/libUE4Editor-FacialAnimation.so (API version 0).
LogModuleManager: Display: Found up-to-date module file ../../../Engine/Plugins/Editor/FacialAnimation/Binaries/Linux/libUE4Editor-FacialAnimationEditor.so (API version 0).
LogModuleManager: Display: Found up-to-date module file ../../../Engine/Plugins/Editor/GameplayTagsEditor/Binaries/Linux/libUE4Editor-GameplayTagsEditor.so (API version 0).
LogModuleManager: Display: Found up-to-date module file ../../../Engine/Plugins/Editor/PluginBrowser/Binaries/Linux/libUE4Editor-PluginBrowser.so (API version 0).
LogModuleManager: Display: Found up-to-date module file ../../../Engine/Plugins/Editor/AssetManagerEditor/Binaries/Linux/libUE4Editor-AssetManagerEditor.so (API version 0).
LogModuleManager: Display: Found up-to-date module file ../../../Engine/Plugins/Blendables/LightPropagationVolume/Binaries/Linux/libUE4Editor-LightPropagationVolumeRuntime.so (API version 0).
LogModuleManager: Display: Found up-to-date module file ../../../Engine/Plugins/Blendables/LightPropagationVolume/Binaries/Linux/libUE4Editor-LightPropagationVolumeEditor.so (API version 0).
LogModuleManager: Display: Found up-to-date module file ../../../Engine/Plugins/Media/MediaPlayerEditor/Binaries/Linux/libUE4Editor-MediaPlayerEditor.so (API version 0).
LogModuleManager: Display: Found up-to-date module file ../../../Engine/Plugins/Media/AndroidMedia/Binaries/Linux/libUE4Editor-AndroidMediaEditor.so (API version 0).
LogModuleManager: Display: Found up-to-date module file ../../../Engine/Plugins/Media/AndroidMedia/Binaries/Linux/libUE4Editor-AndroidMediaFactory.so (API version 0).
LogModuleManager: Display: Found up-to-date module file ../../../Engine/Plugins/Media/ImgMedia/Binaries/Linux/libUE4Editor-ImgMedia.so (API version 0).
LogModuleManager: Display: Found up-to-date module file ../../../Engine/Plugins/Media/ImgMedia/Binaries/Linux/libUE4Editor-ImgMediaEditor.so (API version 0).
LogModuleManager: Display: Found up-to-date module file ../../../Engine/Plugins/Media/ImgMedia/Binaries/Linux/libUE4Editor-ImgMediaFactory.so (API version 0).
LogModuleManager: Display: Found up-to-date module file ../../../Engine/Plugins/Media/ImgMedia/Binaries/Linux/libUE4Editor-ImgMediaFactory.so (API version 0).
LogModuleManager: Display: Found up-to-date module file ../../../Engine/Plugins/Media/AvfMedia/Binaries/Linux/libUE4Editor-AvfMediaEditor.so (API version 0).
LogModuleManager: Display: Found up-to-date module file ../../../Engine/Plugins/Media/AvfMedia/Binaries/Linux/libUE4Editor-AvfMediaFactory.so (API version 0).
LogModuleManager: Display: Found up-to-date module file ../../../Engine/Plugins/Media/AvfMedia/Binaries/Linux/libUE4Editor-AvfMediaFactory.so (API version 0).
LogModuleManager: Display: Found up-to-date module file ../../../Engine/Plugins/Media/MediaCompositing/Binaries/Linux/libUE4Editor-MediaCompositing.so (API version 0).
LogModuleManager: Display: Found up-to-date module file ../../../Engine/Plugins/Media/MediaCompositing/Binaries/Linux/libUE4Editor-MediaCompositingEditor.so (API version 0).
LogModuleManager: Display: Found up-to-date module file ../../../Engine/Plugins/Media/WmfMedia/Binaries/Linux/libUE4Editor-WmfMediaEditor.so (API version 0).
LogModuleManager: Display: Found up-to-date module file ../../../Engine/Plugins/Media/WmfMedia/Binaries/Linux/libUE4Editor-WmfMediaFactory.so (API version 0).
LogModuleManager: Display: Found up-to-date module file ../../../Engine/Plugins/Media/WmfMedia/Binaries/Linux/libUE4Editor-WmfMediaFactory.so (API version 0).
LogModuleManager: Display: Found up-to-date module file ../../../Engine/Plugins/Runtime/Steam/SteamVR/Binaries/Linux/libUE4Editor-SteamVR.so (API version 0).
LogModuleManager: Display: Found up-to-date module file ../../../Engine/Plugins/Runtime/Steam/SteamVR/Binaries/Linux/libUE4Editor-SteamVRController.so (API version 0).
LogModuleManager: Display: Found up-to-date module file ../../../Engine/Plugins/Runtime/RuntimePhysXCooking/Binaries/Linux/libUE4Editor-RuntimePhysXCooking.so (API version 0).
LogModuleManager: Display: Found up-to-date module file ../../../Engine/Plugins/Runtime/ProceduralMeshComponent/Binaries/Linux/libUE4Editor-ProceduralMeshComponent.so (API version 0).
LogModuleManager: Display: Found up-to-date module file ../../../Engine/Plugins/Runtime/ProceduralMeshComponent/Binaries/Linux/libUE4Editor-ProceduralMeshComponentEditor.so (API version 0).
LogModuleManager: Display: Found up-to-date module file ../../../Engine/Plugins/Runtime/AndroidDeviceProfileSelector/Binaries/Linux/libUE4Editor-AndroidDeviceProfileSelector.so (API version 0).
LogModuleManager: Display: Found up-to-date module file ../../../Engine/Plugins/Runtime/ExampleDeviceProfileSelector/Binaries/Linux/libUE4Editor-ExampleDeviceProfileSelector.so (API version 0).
LogModuleManager: Display: Found up-to-date module file ../../../Engine/Plugins/Runtime/AndroidPermission/Binaries/Linux/libUE4Editor-AndroidPermission.so (API version 0).
LogModuleManager: Display: Found up-to-date module file ../../../Engine/Plugins/Runtime/CableComponent/Binaries/Linux/libUE4Editor-CableComponent.so (API version 0).
LogModuleManager: Display: Found up-to-date module file ../../../Engine/Plugins/Runtime/MobilePatchingUtils/Binaries/Linux/libUE4Editor-MobilePatchingUtils.so (API version 0).
LogModuleManager: Display: Found up-to-date module file ../../../Engine/Plugins/Runtime/PhysXVehicles/Binaries/Linux/libUE4Editor-PhysXVehicles.so (API version 0).
LogModuleManager: Display: Found up-to-date module file ../../../Engine/Plugins/Runtime/PhysXVehicles/Binaries/Linux/libUE4Editor-PhysXVehiclesEditor.so (API version 0).
LogModuleManager: Display: Found up-to-date module file ../../../Engine/Plugins/Runtime/LocationServicesBPLibrary/Binaries/Linux/libUE4Editor-LocationServicesBPLibrary.so (API version 0).
LogModuleManager: Display: Found up-to-date module file ../../../Engine/Plugins/Runtime/ImmediatePhysics/Binaries/Linux/libUE4Editor-ImmediatePhysics.so (API version 0).
LogModuleManager: Display: Found up-to-date module file ../../../Engine/Plugins/Runtime/ImmediatePhysics/Binaries/Linux/libUE4Editor-ImmediatePhysicsEditor.so (API version 0).
LogModuleManager: Display: Found up-to-date module file ../../../Engine/Plugins/Runtime/LinuxDeviceProfileSelector/Binaries/Linux/libUE4Editor-LinuxDeviceProfileSelector.so (API version 0).
LogModuleManager: Display: Found up-to-date module file ../../../Engine/Plugins/Runtime/ArchVisCharacter/Binaries/Linux/libUE4Editor-ArchVisCharacter.so (API version 0).
LogModuleManager: Display: Found up-to-date module file ../../../Engine/Plugins/Runtime/CustomMeshComponent/Binaries/Linux/libUE4Editor-CustomMeshComponent.so (API version 0).
LogModuleManager: Display: Found up-to-date module file ../../../Engine/Plugins/2D/Paper2D/Binaries/Linux/libUE4Editor-Paper2D.so (API version 0).
LogModuleManager: Display: Found up-to-date module file ../../../Engine/Plugins/2D/Paper2D/Binaries/Linux/libUE4Editor-Paper2DEditor.so (API version 0).
LogModuleManager: Display: Found up-to-date module file ../../../Engine/Plugins/2D/Paper2D/Binaries/Linux/libUE4Editor-PaperSpriteSheetImporter.so (API version 0).
LogModuleManager: Display: Found up-to-date module file ../../../Engine/Plugins/2D/Paper2D/Binaries/Linux/libUE4Editor-PaperTiledImporter.so (API version 0).
LogModuleManager: Display: Found up-to-date module file ../../../Engine/Plugins/2D/Paper2D/Binaries/Linux/libUE4Editor-SmartSnapping.so (API version 0).
LogModuleManager: Display: Found up-to-date module file ../../../Engine/Plugins/Online/OnlineSubsystemNull/Binaries/Linux/libUE4Editor-OnlineSubsystemNull.so (API version 0).
LogModuleManager: Display: Found up-to-date module file ../../../Engine/Plugins/Online/OnlineSubsystem/Binaries/Linux/libUE4Editor-OnlineSubsystem.so (API version 0).
LogModuleManager: Display: Found up-to-date module file ../../../Engine/Plugins/Online/OnlineSubsystemUtils/Binaries/Linux/libUE4Editor-OnlineSubsystemUtils.so (API version 0).
LogModuleManager: Display: Found up-to-date module file ../../../Engine/Plugins/Online/OnlineSubsystemUtils/Binaries/Linux/libUE4Editor-OnlineBlueprintSupport.so (API version 0).
LogModuleManager: Display: Found up-to-date module file ../../../Engine/Plugins/Messaging/TcpMessaging/Binaries/Linux/libUE4Editor-TcpMessaging.so (API version 0).
LogModuleManager: Display: Found up-to-date module file ../../../Engine/Plugins/Messaging/UdpMessaging/Binaries/Linux/libUE4Editor-UdpMessaging.so (API version 0).
LogModuleManager: Display: Found up-to-date module file ../../../Engine/Plugins/Experimental/CharacterAI/Binaries/Linux/libUE4Editor-CharacterAI.so (API version 0).
LogModuleManager: Display: Found up-to-date module file ../../../Engine/Plugins/Developer/PerforceSourceControl/Binaries/Linux/libUE4Editor-PerforceSourceControl.so (API version 0).
LogModuleManager: Display: Found up-to-date module file ../../../Engine/Plugins/Developer/NullSourceCodeAccess/Binaries/Linux/libUE4Editor-NullSourceCodeAccess.so (API version 0).
LogModuleManager: Display: Found up-to-date module file ../../../Engine/Plugins/Developer/KDevelopSourceCodeAccess/Binaries/Linux/libUE4Editor-KDevelopSourceCodeAccess.so (API version 0).
LogModuleManager: Display: Found up-to-date module file ../../../Engine/Plugins/Developer/SubversionSourceControl/Binaries/Linux/libUE4Editor-SubversionSourceControl.so (API version 0).
LogModuleManager: Display: Found up-to-date module file ../../../Engine/Plugins/Developer/UObjectPlugin/Binaries/Linux/libUE4Editor-UObjectPlugin.so (API version 0).
LogModuleManager: Display: Found up-to-date module file ../../../Engine/Plugins/Developer/CodeLiteSourceCodeAccess/Binaries/Linux/libUE4Editor-CodeLiteSourceCodeAccess.so (API version 0).
LogModuleManager: Display: Found up-to-date module file ../../../Engine/Plugins/Developer/GitSourceControl/Binaries/Linux/libUE4Editor-GitSourceControl.so (API version 0).
LogModuleManager: Display: Found up-to-date module file ../../../Engine/Plugins/Developer/VisualStudioCodeSourceCodeAccess/Binaries/Linux/libUE4Editor-VisualStudioCodeSourceCodeAccess.so (API version 0).
LogModuleManager: Display: Found up-to-date module file ../../../Engine/Plugins/MovieScene/ActorSequence/Binaries/Linux/libUE4Editor-ActorSequence.so (API version 0).
LogModuleManager: Display: Found up-to-date module file ../../../Engine/Plugins/MovieScene/MatineeToLevelSequence/Binaries/Linux/libUE4Editor-MatineeToLevelSequence.so (API version 0).
LogModuleManager: Display: Found up-to-date module file ../../../Engine/Plugins/MovieScene/LevelSequenceEditor/Binaries/Linux/libUE4Editor-LevelSequenceEditor.so (API version 0).
LogInit: Warning: Incompatible or missing module: libUE4Editor-Gacha.so
LogInit: Initializing SDL.
LogInit: Using SDL_WINDOW_OPENGL
LogInit: Initialized SDL 2.0.5 revision: 11184 (hg-11184:04063928c4a8 with EpicExtensions) (compiled against 2.0.5)
LogInit: Display metrics:
LogInit:   PrimaryDisplayWidth: 1920
LogInit:   PrimaryDisplayHeight: 1080
LogInit:   PrimaryDisplayWorkAreaRect:
LogInit:     Left=0, Top=27, Right=1920, Bottom=1080
LogInit:   VirtualDisplayRect:
LogInit:     Left=0, Top=27, Right=1920, Bottom=1080
LogInit:   TitleSafePaddingSize: X=0.000 Y=0.000
LogInit:   ActionSafePaddingSize: X=0.000 Y=0.000
LogInit:   Number of monitors: 1
LogInit:     Monitor 0
LogInit:       Name: 0
LogInit:       ID: display0
LogInit:       NativeWidth: 1920
LogInit:       NativeHeight: 1080
LogInit:       bIsPrimary: true
Running /home/joris/UnrealEngine/Engine/Binaries/DotNET/UnrealBuildTool.exe Gacha Development Linux -project="/home/joris/Gacha/Gacha.uproject" -editorrecompile -progress -NoHotReloadFromIDE

Running Mono...

~/UnrealEngine/Engine ~/UnrealEngine/Engine/Binaries/Linux
Using clang version '3.8.0' (string), 3 (major), 8 (minor), 0 (patch)
Using bundled libc++ standard C++ library.
Using fast way to relink  circularly dependent libraries (no FixDeps).
LogModuleManager: Display: Found up-to-date module file ../../../../Gacha/Binaries/Linux/libUE4Editor-Gacha.so (API version 0).
LogModuleManager: Display: Found up-to-date module file ../../../Engine/Plugins/Editor/SpeedTreeImporter/Binaries/Linux/libUE4Editor-SpeedTreeImporter.so (API version 0).
LogModuleManager: Display: Found up-to-date module file ../../../Engine/Plugins/Editor/MobileLauncherProfileWizard/Binaries/Linux/libUE4Editor-MobileLauncherProfileWizard.so (API version 0).
LogModuleManager: Display: Found up-to-date module file ../../../Engine/Plugins/Editor/FacialAnimation/Binaries/Linux/libUE4Editor-FacialAnimation.so (API version 0).
LogModuleManager: Display: Found up-to-date module file ../../../Engine/Plugins/Editor/FacialAnimation/Binaries/Linux/libUE4Editor-FacialAnimationEditor.so (API version 0).
LogModuleManager: Display: Found up-to-date module file ../../../Engine/Plugins/Editor/GameplayTagsEditor/Binaries/Linux/libUE4Editor-GameplayTagsEditor.so (API version 0).
LogModuleManager: Display: Found up-to-date module file ../../../Engine/Plugins/Editor/PluginBrowser/Binaries/Linux/libUE4Editor-PluginBrowser.so (API version 0).
LogModuleManager: Display: Found up-to-date module file ../../../Engine/Plugins/Editor/AssetManagerEditor/Binaries/Linux/libUE4Editor-AssetManagerEditor.so (API version 0).
LogModuleManager: Display: Found up-to-date module file ../../../Engine/Plugins/Blendables/LightPropagationVolume/Binaries/Linux/libUE4Editor-LightPropagationVolumeRuntime.so (API version 0).
LogModuleManager: Display: Found up-to-date module file ../../../Engine/Plugins/Blendables/LightPropagationVolume/Binaries/Linux/libUE4Editor-LightPropagationVolumeEditor.so (API version 0).
LogModuleManager: Display: Found up-to-date module file ../../../Engine/Plugins/Media/MediaPlayerEditor/Binaries/Linux/libUE4Editor-MediaPlayerEditor.so (API version 0).
LogModuleManager: Display: Found up-to-date module file ../../../Engine/Plugins/Media/AndroidMedia/Binaries/Linux/libUE4Editor-AndroidMediaEditor.so (API version 0).
LogModuleManager: Display: Found up-to-date module file ../../../Engine/Plugins/Media/AndroidMedia/Binaries/Linux/libUE4Editor-AndroidMediaFactory.so (API version 0).
LogModuleManager: Display: Found up-to-date module file ../../../Engine/Plugins/Media/ImgMedia/Binaries/Linux/libUE4Editor-ImgMedia.so (API version 0).
LogModuleManager: Display: Found up-to-date module file ../../../Engine/Plugins/Media/ImgMedia/Binaries/Linux/libUE4Editor-ImgMediaEditor.so (API version 0).
LogModuleManager: Display: Found up-to-date module file ../../../Engine/Plugins/Media/ImgMedia/Binaries/Linux/libUE4Editor-ImgMediaFactory.so (API version 0).
LogModuleManager: Display: Found up-to-date module file ../../../Engine/Plugins/Media/ImgMedia/Binaries/Linux/libUE4Editor-ImgMediaFactory.so (API version 0).
LogModuleManager: Display: Found up-to-date module file ../../../Engine/Plugins/Media/AvfMedia/Binaries/Linux/libUE4Editor-AvfMediaEditor.so (API version 0).
LogModuleManager: Display: Found up-to-date module file ../../../Engine/Plugins/Media/AvfMedia/Binaries/Linux/libUE4Editor-AvfMediaFactory.so (API version 0).
LogModuleManager: Display: Found up-to-date module file ../../../Engine/Plugins/Media/AvfMedia/Binaries/Linux/libUE4Editor-AvfMediaFactory.so (API version 0).
LogModuleManager: Display: Found up-to-date module file ../../../Engine/Plugins/Media/MediaCompositing/Binaries/Linux/libUE4Editor-MediaCompositing.so (API version 0).
LogModuleManager: Display: Found up-to-date module file ../../../Engine/Plugins/Media/MediaCompositing/Binaries/Linux/libUE4Editor-MediaCompositingEditor.so (API version 0).
LogModuleManager: Display: Found up-to-date module file ../../../Engine/Plugins/Media/WmfMedia/Binaries/Linux/libUE4Editor-WmfMediaEditor.so (API version 0).
LogModuleManager: Display: Found up-to-date module file ../../../Engine/Plugins/Media/WmfMedia/Binaries/Linux/libUE4Editor-WmfMediaFactory.so (API version 0).
LogModuleManager: Display: Found up-to-date module file ../../../Engine/Plugins/Media/WmfMedia/Binaries/Linux/libUE4Editor-WmfMediaFactory.so (API version 0).
LogModuleManager: Display: Found up-to-date module file ../../../Engine/Plugins/Runtime/Steam/SteamVR/Binaries/Linux/libUE4Editor-SteamVR.so (API version 0).
LogModuleManager: Display: Found up-to-date module file ../../../Engine/Plugins/Runtime/Steam/SteamVR/Binaries/Linux/libUE4Editor-SteamVRController.so (API version 0).
LogModuleManager: Display: Found up-to-date module file ../../../Engine/Plugins/Runtime/RuntimePhysXCooking/Binaries/Linux/libUE4Editor-RuntimePhysXCooking.so (API version 0).
LogModuleManager: Display: Found up-to-date module file ../../../Engine/Plugins/Runtime/ProceduralMeshComponent/Binaries/Linux/libUE4Editor-ProceduralMeshComponent.so (API version 0).
LogModuleManager: Display: Found up-to-date module file ../../../Engine/Plugins/Runtime/ProceduralMeshComponent/Binaries/Linux/libUE4Editor-ProceduralMeshComponentEditor.so (API version 0).
LogModuleManager: Display: Found up-to-date module file ../../../Engine/Plugins/Runtime/AndroidDeviceProfileSelector/Binaries/Linux/libUE4Editor-AndroidDeviceProfileSelector.so (API version 0).
LogModuleManager: Display: Found up-to-date module file ../../../Engine/Plugins/Runtime/ExampleDeviceProfileSelector/Binaries/Linux/libUE4Editor-ExampleDeviceProfileSelector.so (API version 0).
LogModuleManager: Display: Found up-to-date module file ../../../Engine/Plugins/Runtime/AndroidPermission/Binaries/Linux/libUE4Editor-AndroidPermission.so (API version 0).
LogModuleManager: Display: Found up-to-date module file ../../../Engine/Plugins/Runtime/CableComponent/Binaries/Linux/libUE4Editor-CableComponent.so (API version 0).
LogModuleManager: Display: Found up-to-date module file ../../../Engine/Plugins/Runtime/MobilePatchingUtils/Binaries/Linux/libUE4Editor-MobilePatchingUtils.so (API version 0).
LogModuleManager: Display: Found up-to-date module file ../../../Engine/Plugins/Runtime/PhysXVehicles/Binaries/Linux/libUE4Editor-PhysXVehicles.so (API version 0).
LogModuleManager: Display: Found up-to-date module file ../../../Engine/Plugins/Runtime/PhysXVehicles/Binaries/Linux/libUE4Editor-PhysXVehiclesEditor.so (API version 0).
LogModuleManager: Display: Found up-to-date module file ../../../Engine/Plugins/Runtime/LocationServicesBPLibrary/Binaries/Linux/libUE4Editor-LocationServicesBPLibrary.so (API version 0).
LogModuleManager: Display: Found up-to-date module file ../../../Engine/Plugins/Runtime/ImmediatePhysics/Binaries/Linux/libUE4Editor-ImmediatePhysics.so (API version 0).
LogModuleManager: Display: Found up-to-date module file ../../../Engine/Plugins/Runtime/ImmediatePhysics/Binaries/Linux/libUE4Editor-ImmediatePhysicsEditor.so (API version 0).
LogModuleManager: Display: Found up-to-date module file ../../../Engine/Plugins/Runtime/LinuxDeviceProfileSelector/Binaries/Linux/libUE4Editor-LinuxDeviceProfileSelector.so (API version 0).
LogModuleManager: Display: Found up-to-date module file ../../../Engine/Plugins/Runtime/ArchVisCharacter/Binaries/Linux/libUE4Editor-ArchVisCharacter.so (API version 0).
LogModuleManager: Display: Found up-to-date module file ../../../Engine/Plugins/Runtime/CustomMeshComponent/Binaries/Linux/libUE4Editor-CustomMeshComponent.so (API version 0).
LogModuleManager: Display: Found up-to-date module file ../../../Engine/Plugins/2D/Paper2D/Binaries/Linux/libUE4Editor-Paper2D.so (API version 0).
LogModuleManager: Display: Found up-to-date module file ../../../Engine/Plugins/2D/Paper2D/Binaries/Linux/libUE4Editor-Paper2DEditor.so (API version 0).
LogModuleManager: Display: Found up-to-date module file ../../../Engine/Plugins/2D/Paper2D/Binaries/Linux/libUE4Editor-PaperSpriteSheetImporter.so (API version 0).
LogModuleManager: Display: Found up-to-date module file ../../../Engine/Plugins/2D/Paper2D/Binaries/Linux/libUE4Editor-PaperTiledImporter.so (API version 0).
LogModuleManager: Display: Found up-to-date module file ../../../Engine/Plugins/2D/Paper2D/Binaries/Linux/libUE4Editor-SmartSnapping.so (API version 0).
LogModuleManager: Display: Found up-to-date module file ../../../Engine/Plugins/Online/OnlineSubsystemNull/Binaries/Linux/libUE4Editor-OnlineSubsystemNull.so (API version 0).
LogModuleManager: Display: Found up-to-date module file ../../../Engine/Plugins/Online/OnlineSubsystem/Binaries/Linux/libUE4Editor-OnlineSubsystem.so (API version 0).
LogModuleManager: Display: Found up-to-date module file ../../../Engine/Plugins/Online/OnlineSubsystemUtils/Binaries/Linux/libUE4Editor-OnlineSubsystemUtils.so (API version 0).
LogModuleManager: Display: Found up-to-date module file ../../../Engine/Plugins/Online/OnlineSubsystemUtils/Binaries/Linux/libUE4Editor-OnlineBlueprintSupport.so (API version 0).
LogModuleManager: Display: Found up-to-date module file ../../../Engine/Plugins/Messaging/TcpMessaging/Binaries/Linux/libUE4Editor-TcpMessaging.so (API version 0).
LogModuleManager: Display: Found up-to-date module file ../../../Engine/Plugins/Messaging/UdpMessaging/Binaries/Linux/libUE4Editor-UdpMessaging.so (API version 0).
LogModuleManager: Display: Found up-to-date module file ../../../Engine/Plugins/Experimental/CharacterAI/Binaries/Linux/libUE4Editor-CharacterAI.so (API version 0).
LogModuleManager: Display: Found up-to-date module file ../../../Engine/Plugins/Developer/PerforceSourceControl/Binaries/Linux/libUE4Editor-PerforceSourceControl.so (API version 0).
LogModuleManager: Display: Found up-to-date module file ../../../Engine/Plugins/Developer/NullSourceCodeAccess/Binaries/Linux/libUE4Editor-NullSourceCodeAccess.so (API version 0).
LogModuleManager: Display: Found up-to-date module file ../../../Engine/Plugins/Developer/KDevelopSourceCodeAccess/Binaries/Linux/libUE4Editor-KDevelopSourceCodeAccess.so (API version 0).
LogModuleManager: Display: Found up-to-date module file ../../../Engine/Plugins/Developer/SubversionSourceControl/Binaries/Linux/libUE4Editor-SubversionSourceControl.so (API version 0).
LogModuleManager: Display: Found up-to-date module file ../../../Engine/Plugins/Developer/UObjectPlugin/Binaries/Linux/libUE4Editor-UObjectPlugin.so (API version 0).
LogModuleManager: Display: Found up-to-date module file ../../../Engine/Plugins/Developer/CodeLiteSourceCodeAccess/Binaries/Linux/libUE4Editor-CodeLiteSourceCodeAccess.so (API version 0).
LogModuleManager: Display: Found up-to-date module file ../../../Engine/Plugins/Developer/GitSourceControl/Binaries/Linux/libUE4Editor-GitSourceControl.so (API version 0).
LogModuleManager: Display: Found up-to-date module file ../../../Engine/Plugins/Developer/VisualStudioCodeSourceCodeAccess/Binaries/Linux/libUE4Editor-VisualStudioCodeSourceCodeAccess.so (API version 0).
LogModuleManager: Display: Found up-to-date module file ../../../Engine/Plugins/MovieScene/ActorSequence/Binaries/Linux/libUE4Editor-ActorSequence.so (API version 0).
LogModuleManager: Display: Found up-to-date module file ../../../Engine/Plugins/MovieScene/MatineeToLevelSequence/Binaries/Linux/libUE4Editor-MatineeToLevelSequence.so (API version 0).
LogModuleManager: Display: Found up-to-date module file ../../../Engine/Plugins/MovieScene/LevelSequenceEditor/Binaries/Linux/libUE4Editor-LevelSequenceEditor.so (API version 0).
LogInit: Using libcurl 7.48.0-DEV
LogInit:  - built for x86_64-unknown-linux-gnu
LogInit:  - supports SSL with OpenSSL/1.0.2h
LogInit:  - supports HTTP deflate (compression) using libz 1.2.8
LogInit:  - other features:
LogInit:      CURL_VERSION_SSL
LogInit:      CURL_VERSION_LIBZ
LogInit:      CURL_VERSION_IPV6
LogInit:      CURL_VERSION_ASYNCHDNS
LogInit:      CURL_VERSION_LARGEFILE
LogInit:      CURL_VERSION_TLSAUTH_SRP
LogInit:  Libcurl: checking if '/etc/pki/tls/certs/ca-bundle.crt' exists
LogInit:  Libcurl: checking if '/etc/ssl/certs/ca-certificates.crt' exists
LogInit:  CurlRequestOptions (configurable via config and command line):
LogInit:  - bVerifyPeer = true  - Libcurl will verify peer certificate
LogInit:  - bUseHttpProxy = false  - Libcurl will NOT use HTTP proxy
LogInit:  - bDontReuseConnections = false  - Libcurl will reuse connections
LogInit:  - CertBundlePath = /etc/ssl/certs/ca-certificates.crt  - Libcurl will set CURLOPT_CAINFO to it
LogInit: Build: ++UE4+Release-4.18-CL-0
LogInit: Engine Version: 4.18.3-0+++UE4+Release-4.18
LogInit: Compatible Engine Version: 4.18.0-0+++UE4+Release-4.18
LogInit: Net CL: 0
LogDevObjectVersion: Number of dev versions registered: 16
LogDevObjectVersion:   Dev-Blueprints (B0D832E4-1F89-4F0D-ACCF-7EB736FD4AA2): 10
LogDevObjectVersion:   Dev-Build (E1C64328-A22C-4D53-A36C-8E866417BD8C): 0
LogDevObjectVersion:   Dev-Core (375EC13C-06E4-48FB-B500-84F0262A717E): 2
LogDevObjectVersion:   Dev-Editor (E4B068ED-F494-42E9-A231-DA0B2E46BB41): 20
LogDevObjectVersion:   Dev-Framework (CFFC743F-43B0-4480-9391-14DF171D2073): 30
LogDevObjectVersion:   Dev-Mobile (B02B49B5-BB20-44E9-A304-32B752E40360): 0
LogDevObjectVersion:   Dev-Networking (A4E4105C-59A1-49B5-A7C5-40C4547EDFEE): 0
LogDevObjectVersion:   Dev-Online (39C831C9-5AE6-47DC-9A44-9C173E1C8E7C): 0
LogDevObjectVersion:   Dev-Physics (78F01B33-EBEA-4F98-B9B4-84EACCB95AA2): 0
LogDevObjectVersion:   Dev-Platform (6631380F-2D4D-43E0-8009-CF276956A95A): 0
LogDevObjectVersion:   Dev-Rendering (12F88B9F-8875-4AFC-A67C-D90C383ABD29): 20
LogDevObjectVersion:   Dev-Sequencer (7B5AE74C-D270-4C10-A958-57980B212A5A): 4
LogDevObjectVersion:   Dev-VR (D7296918-1DD6-4BDD-9DE2-64A83CC13884): 0
LogDevObjectVersion:   Dev-LoadTimes (C2A15278-BFE7-4AFE-6C17-90FF531DF755): 1
LogDevObjectVersion:   Private-Geometry (6EACA3D4-40EC-4CC1-B786-8BED09428FC5): 1
LogDevObjectVersion:   Dev-AnimPhys (29E575DD-E0A3-4627-9D10-D276232CDCEA): 12
LogInit: Compiled (64-bit): Apr  9 2018 15:31:41
LogInit: Compiled with Clang: 3.8.0 (tags/RELEASE_380/final)
LogInit: Build Configuration: Development
LogInit: Branch Name: ++UE4+Release-4.18
LogInit: Command line: 
LogInit: Base directory: /home/joris/UnrealEngine/Engine/Binaries/Linux/
LogInit: Installed Engine Build: 0
LogInit: Presizing for max 8388607 objects, including 0 objects not considered by GC, pre-allocating 0 bytes for permanent pool.
LogInit: Object subsystem initialized
[2018.04.09-14.05.34:782][  0]LogLinux: Selected Device Profile: [Linux]
[2018.04.09-14.05.34:782][  0]LogInit: Applying CVar settings loaded from the selected device profile: [Linux]
[2018.04.09-14.05.34:794][  0]LogInit: Linux hardware info:
[2018.04.09-14.05.34:794][  0]LogInit:  - we are not the first instance of this executable
[2018.04.09-14.05.34:794][  0]LogInit:  - this process' id (pid) is 31379, parent process' id (ppid) is 1
[2018.04.09-14.05.34:795][  0]LogInit:  - we are not running under debugger
[2018.04.09-14.05.34:795][  0]LogInit:  - machine network name is 'joris-HP-EliteBook-840-G2'
[2018.04.09-14.05.34:795][  0]LogInit:  - user name is 'joris' (joris)
[2018.04.09-14.05.34:795][  0]LogInit:  - we're logged in locally
[2018.04.09-14.05.34:795][  0]LogInit:  - we're running with rendering
[2018.04.09-14.05.34:795][  0]LogInit:  - CPU: GenuineIntel 'Intel(R) Core(TM) i7-5600U CPU @ 2.60GHz' (signature: 0x306D4)
[2018.04.09-14.05.34:795][  0]LogInit:  - Number of physical cores available for the process: 2
[2018.04.09-14.05.34:795][  0]LogInit:  - Number of logical cores available for the process: 4
[2018.04.09-14.05.34:795][  0]LogInit:  - Cache line size: 64
[2018.04.09-14.05.34:795][  0]LogInit:  - Memory allocator used: binned2
[2018.04.09-14.05.34:795][  0]LogLinux: Benchmarking clocks:
[2018.04.09-14.05.34:795][  0]LogLinux:  - CLOCK_REALTIME (id=0) can sustain 28566112 (28566K, 29M) calls per second without zero deltas.
[2018.04.09-14.05.34:795][  0]LogLinux:  - CLOCK_MONOTONIC (id=1) can sustain 28536245 (28536K, 29M) calls per second without zero deltas.
[2018.04.09-14.05.34:795][  0]LogLinux:  - CLOCK_MONOTONIC_RAW (id=4) can sustain 1788336 (1788K, 2M) calls per second without zero deltas.
[2018.04.09-14.05.34:795][  0]LogLinux:  - CLOCK_MONOTONIC_COARSE (id=6) can sustain 74102711 (74103K, 74M) calls per second with 99.999650% zero deltas.
[2018.04.09-14.05.34:795][  0]LogLinux: Selected clock_id 0 (CLOCK_REALTIME) since it is the fastest support clock without zero deltas.
[2018.04.09-14.05.34:795][  0]LogInit: Linux-specific commandline switches:
[2018.04.09-14.05.34:795][  0]LogInit:  -nodwarf (currently OFF): suppress parsing of DWARF debug info (callstacks will be generated faster, but won't have line numbers)
[2018.04.09-14.05.34:795][  0]LogInit:  -ansimalloc - use malloc()/free() from libc (useful for tools like valgrind and electric fence)
[2018.04.09-14.05.34:795][  0]LogInit:  -jemalloc - use jemalloc for all memory allocation
[2018.04.09-14.05.34:795][  0]LogInit:  -binnedmalloc - use binned malloc  for all memory allocation
[2018.04.09-14.05.34:795][  0]LogInit:  -httpproxy=ADDRESS:PORT - redirects HTTP requests to a proxy (only supported if compiled with libcurl)
[2018.04.09-14.05.34:795][  0]LogInit:  -reuseconn - allow libcurl to reuse HTTP connections (only matters if compiled with libcurl)
[2018.04.09-14.05.34:795][  0]LogInit:  -virtmemkb=NUMBER - sets process virtual memory (address space) limit (overrides VirtualMemoryLimitInKB value from .ini)
[2018.04.09-14.05.34:795][  0]LogInit:  - Physical RAM available (not considering process quota): 8 GB (7852 MB, 8040588 KB, 8233562112 bytes)
[2018.04.09-14.05.34:896][  0]LogInit: Using OS detected language (en-US).
[2018.04.09-14.05.34:896][  0]LogInit: Using OS detected locale (en-US).
[2018.04.09-14.05.34:911][  0]LogTextLocalizationManager: No specific localization for 'en-US' exists, so the 'en' localization will be used.
[2018.04.09-14.05.37:906][  0]LogRHI: Initializing OpenGL RHI
[2018.04.09-14.05.37:906][  0]LogRHI:   GL_VENDOR: Intel Open Source Technology Center
[2018.04.09-14.05.37:906][  0]LogRHI:   GL_RENDERER: Mesa DRI Intel(R) HD Graphics 5500 (Broadwell GT2) 
[2018.04.09-14.05.37:906][  0]LogRHI:   GL_VERSION: 4.5 (Core Profile) Mesa 17.2.8
[2018.04.09-14.05.37:906][  0]LogRHI:   GL_SHADING_LANGUAGE_VERSION: 4.50
[2018.04.09-14.05.37:907][  0]LogRHI: OpenGL Extensions:
[2018.04.09-14.05.37:907][  0]LogRHI:   GL_3DFX_texture_compression_FXT1
[2018.04.09-14.05.37:907][  0]LogRHI:   GL_AMD_conservative_depth
[2018.04.09-14.05.37:907][  0]LogRHI:   GL_AMD_draw_buffers_blend
[2018.04.09-14.05.37:907][  0]LogRHI:   GL_AMD_seamless_cubemap_per_texture
[2018.04.09-14.05.37:907][  0]LogRHI:   GL_AMD_shader_trinary_minmax
[2018.04.09-14.05.37:907][  0]LogRHI:   GL_AMD_vertex_shader_layer
[2018.04.09-14.05.37:907][  0]LogRHI:   GL_AMD_vertex_shader_viewport_index
[2018.04.09-14.05.37:907][  0]LogRHI:   GL_ANGLE_texture_compression_dxt3
[2018.04.09-14.05.37:907][  0]LogRHI:   GL_ANGLE_texture_compression_dxt5
[2018.04.09-14.05.37:907][  0]LogRHI:   GL_APPLE_object_purgeable
[2018.04.09-14.05.37:907][  0]LogRHI:   GL_ARB_ES2_compatibility
[2018.04.09-14.05.37:907][  0]LogRHI:   GL_ARB_ES3_1_compatibility
[2018.04.09-14.05.37:907][  0]LogRHI:   GL_ARB_ES3_2_compatibility
[2018.04.09-14.05.37:907][  0]LogRHI:   GL_ARB_ES3_compatibility
[2018.04.09-14.05.37:907][  0]LogRHI:   GL_ARB_arrays_of_arrays
[2018.04.09-14.05.37:907][  0]LogRHI:   GL_ARB_base_instance
[2018.04.09-14.05.37:907][  0]LogRHI:   GL_ARB_blend_func_extended
[2018.04.09-14.05.37:907][  0]LogRHI:   GL_ARB_buffer_storage
[2018.04.09-14.05.37:907][  0]LogRHI:   GL_ARB_clear_buffer_object
[2018.04.09-14.05.37:907][  0]LogRHI:   GL_ARB_clear_texture
[2018.04.09-14.05.37:907][  0]LogRHI:   GL_ARB_clip_control
[2018.04.09-14.05.37:907][  0]LogRHI:   GL_ARB_compressed_texture_pixel_storage
[2018.04.09-14.05.37:908][  0]LogRHI:   GL_ARB_compute_shader
[2018.04.09-14.05.37:908][  0]LogRHI:   GL_ARB_conditional_render_inverted
[2018.04.09-14.05.37:908][  0]LogRHI:   GL_ARB_conservative_depth
[2018.04.09-14.05.37:908][  0]LogRHI:   GL_ARB_copy_buffer
[2018.04.09-14.05.37:908][  0]LogRHI:   GL_ARB_copy_image
[2018.04.09-14.05.37:908][  0]LogRHI:   GL_ARB_cull_distance
[2018.04.09-14.05.37:908][  0]LogRHI:   GL_ARB_debug_output
[2018.04.09-14.05.37:908][  0]LogRHI:   GL_ARB_depth_buffer_float
[2018.04.09-14.05.37:908][  0]LogRHI:   GL_ARB_depth_clamp
[2018.04.09-14.05.37:908][  0]LogRHI:   GL_ARB_derivative_control
[2018.04.09-14.05.37:908][  0]LogRHI:   GL_ARB_direct_state_access
[2018.04.09-14.05.37:908][  0]LogRHI:   GL_ARB_draw_buffers
[2018.04.09-14.05.37:908][  0]LogRHI:   GL_ARB_draw_buffers_blend
[2018.04.09-14.05.37:908][  0]LogRHI:   GL_ARB_draw_elements_base_vertex
[2018.04.09-14.05.37:908][  0]LogRHI:   GL_ARB_draw_indirect
[2018.04.09-14.05.37:908][  0]LogRHI:   GL_ARB_draw_instanced
[2018.04.09-14.05.37:908][  0]LogRHI:   GL_ARB_enhanced_layouts
[2018.04.09-14.05.37:908][  0]LogRHI:   GL_ARB_explicit_attrib_location
[2018.04.09-14.05.37:908][  0]LogRHI:   GL_ARB_explicit_uniform_location
[2018.04.09-14.05.37:908][  0]LogRHI:   GL_ARB_fragment_coord_conventions
[2018.04.09-14.05.37:908][  0]LogRHI:   GL_ARB_fragment_layer_viewport
[2018.04.09-14.05.37:908][  0]LogRHI:   GL_ARB_fragment_shader
[2018.04.09-14.05.37:908][  0]LogRHI:   GL_ARB_framebuffer_no_attachments
[2018.04.09-14.05.37:908][  0]LogRHI:   GL_ARB_framebuffer_object
[2018.04.09-14.05.37:908][  0]LogRHI:   GL_ARB_framebuffer_sRGB
[2018.04.09-14.05.37:908][  0]LogRHI:   GL_ARB_get_program_binary
[2018.04.09-14.05.37:908][  0]LogRHI:   GL_ARB_get_texture_sub_image
[2018.04.09-14.05.37:908][  0]LogRHI:   GL_ARB_gpu_shader5
[2018.04.09-14.05.37:908][  0]LogRHI:   GL_ARB_gpu_shader_fp64
[2018.04.09-14.05.37:908][  0]LogRHI:   GL_ARB_gpu_shader_int64
[2018.04.09-14.05.37:908][  0]LogRHI:   GL_ARB_half_float_pixel
[2018.04.09-14.05.37:908][  0]LogRHI:   GL_ARB_half_float_vertex
[2018.04.09-14.05.37:908][  0]LogRHI:   GL_ARB_instanced_arrays
[2018.04.09-14.05.37:908][  0]LogRHI:   GL_ARB_internalformat_query
[2018.04.09-14.05.37:908][  0]LogRHI:   GL_ARB_internalformat_query2
[2018.04.09-14.05.37:908][  0]LogRHI:   GL_ARB_invalidate_subdata
[2018.04.09-14.05.37:908][  0]LogRHI:   GL_ARB_map_buffer_alignment
[2018.04.09-14.05.37:908][  0]LogRHI:   GL_ARB_map_buffer_range
[2018.04.09-14.05.37:908][  0]LogRHI:   GL_ARB_multi_bind
[2018.04.09-14.05.37:908][  0]LogRHI:   GL_ARB_multi_draw_indirect
[2018.04.09-14.05.37:908][  0]LogRHI:   GL_ARB_occlusion_query2
[2018.04.09-14.05.37:908][  0]LogRHI:   GL_ARB_pipeline_statistics_query
[2018.04.09-14.05.37:908][  0]LogRHI:   GL_ARB_pixel_buffer_object
[2018.04.09-14.05.37:908][  0]LogRHI:   GL_ARB_point_sprite
[2018.04.09-14.05.37:908][  0]LogRHI:   GL_ARB_program_interface_query
[2018.04.09-14.05.37:908][  0]LogRHI:   GL_ARB_provoking_vertex
[2018.04.09-14.05.37:908][  0]LogRHI:   GL_ARB_query_buffer_object
[2018.04.09-14.05.37:908][  0]LogRHI:   GL_ARB_robust_buffer_access_behavior
[2018.04.09-14.05.37:908][  0]LogRHI:   GL_ARB_robustness
[2018.04.09-14.05.37:908][  0]LogRHI:   GL_ARB_sample_shading
[2018.04.09-14.05.37:908][  0]LogRHI:   GL_ARB_sampler_objects
[2018.04.09-14.05.37:908][  0]LogRHI:   GL_ARB_seamless_cube_map
[2018.04.09-14.05.37:908][  0]LogRHI:   GL_ARB_seamless_cubemap_per_texture
[2018.04.09-14.05.37:908][  0]LogRHI:   GL_ARB_separate_shader_objects
[2018.04.09-14.05.37:908][  0]LogRHI:   GL_ARB_shader_atomic_counter_ops
[2018.04.09-14.05.37:908][  0]LogRHI:   GL_ARB_shader_atomic_counters
[2018.04.09-14.05.37:908][  0]LogRHI:   GL_ARB_shader_ballot
[2018.04.09-14.05.37:908][  0]LogRHI:   GL_ARB_shader_bit_encoding
[2018.04.09-14.05.37:908][  0]LogRHI:   GL_ARB_shader_clock
[2018.04.09-14.05.37:908][  0]LogRHI:   GL_ARB_shader_draw_parameters
[2018.04.09-14.05.37:908][  0]LogRHI:   GL_ARB_shader_group_vote
[2018.04.09-14.05.37:908][  0]LogRHI:   GL_ARB_shader_image_load_store
[2018.04.09-14.05.37:908][  0]LogRHI:   GL_ARB_shader_image_size
[2018.04.09-14.05.37:909][  0]LogRHI:   GL_ARB_shader_objects
[2018.04.09-14.05.37:909][  0]LogRHI:   GL_ARB_shader_precision
[2018.04.09-14.05.37:909][  0]LogRHI:   GL_ARB_shader_storage_buffer_object
[2018.04.09-14.05.37:909][  0]LogRHI:   GL_ARB_shader_subroutine
[2018.04.09-14.05.37:909][  0]LogRHI:   GL_ARB_shader_texture_image_samples
[2018.04.09-14.05.37:909][  0]LogRHI:   GL_ARB_shader_texture_lod
[2018.04.09-14.05.37:909][  0]LogRHI:   GL_ARB_shader_viewport_layer_array
[2018.04.09-14.05.37:909][  0]LogRHI:   GL_ARB_shading_language_420pack
[2018.04.09-14.05.37:909][  0]LogRHI:   GL_ARB_shading_language_packing
[2018.04.09-14.05.37:909][  0]LogRHI:   GL_ARB_stencil_texturing
[2018.04.09-14.05.37:909][  0]LogRHI:   GL_ARB_sync
[2018.04.09-14.05.37:909][  0]LogRHI:   GL_ARB_tessellation_shader
[2018.04.09-14.05.37:909][  0]LogRHI:   GL_ARB_texture_barrier
[2018.04.09-14.05.37:909][  0]LogRHI:   GL_ARB_texture_buffer_object
[2018.04.09-14.05.37:909][  0]LogRHI:   GL_ARB_texture_buffer_object_rgb32
[2018.04.09-14.05.37:909][  0]LogRHI:   GL_ARB_texture_buffer_range
[2018.04.09-14.05.37:909][  0]LogRHI:   GL_ARB_texture_compression_bptc
[2018.04.09-14.05.37:909][  0]LogRHI:   GL_ARB_texture_compression_rgtc
[2018.04.09-14.05.37:909][  0]LogRHI:   GL_ARB_texture_cube_map_array
[2018.04.09-14.05.37:909][  0]LogRHI:   GL_ARB_texture_float
[2018.04.09-14.05.37:909][  0]LogRHI:   GL_ARB_texture_gather
[2018.04.09-14.05.37:909][  0]LogRHI:   GL_ARB_texture_mirror_clamp_to_edge
[2018.04.09-14.05.37:909][  0]LogRHI:   GL_ARB_texture_multisample
[2018.04.09-14.05.37:909][  0]LogRHI:   GL_ARB_texture_non_power_of_two
[2018.04.09-14.05.37:909][  0]LogRHI:   GL_ARB_texture_query_levels
[2018.04.09-14.05.37:909][  0]LogRHI:   GL_ARB_texture_query_lod
[2018.04.09-14.05.37:909][  0]LogRHI:   GL_ARB_texture_rectangle
[2018.04.09-14.05.37:909][  0]LogRHI:   GL_ARB_texture_rg
[2018.04.09-14.05.37:909][  0]LogRHI:   GL_ARB_texture_rgb10_a2ui
[2018.04.09-14.05.37:909][  0]LogRHI:   GL_ARB_texture_stencil8
[2018.04.09-14.05.37:909][  0]LogRHI:   GL_ARB_texture_storage
[2018.04.09-14.05.37:909][  0]LogRHI:   GL_ARB_texture_storage_multisample
[2018.04.09-14.05.37:909][  0]LogRHI:   GL_ARB_texture_swizzle
[2018.04.09-14.05.37:909][  0]LogRHI:   GL_ARB_texture_view
[2018.04.09-14.05.37:909][  0]LogRHI:   GL_ARB_timer_query
[2018.04.09-14.05.37:909][  0]LogRHI:   GL_ARB_transform_feedback2
[2018.04.09-14.05.37:909][  0]LogRHI:   GL_ARB_transform_feedback3
[2018.04.09-14.05.37:909][  0]LogRHI:   GL_ARB_transform_feedback_instanced
[2018.04.09-14.05.37:909][  0]LogRHI:   GL_ARB_transform_feedback_overflow_query
[2018.04.09-14.05.37:909][  0]LogRHI:   GL_ARB_uniform_buffer_object
[2018.04.09-14.05.37:909][  0]LogRHI:   GL_ARB_vertex_array_bgra
[2018.04.09-14.05.37:909][  0]LogRHI:   GL_ARB_vertex_array_object
[2018.04.09-14.05.37:909][  0]LogRHI:   GL_ARB_vertex_attrib_64bit
[2018.04.09-14.05.37:909][  0]LogRHI:   GL_ARB_vertex_attrib_binding
[2018.04.09-14.05.37:909][  0]LogRHI:   GL_ARB_vertex_shader
[2018.04.09-14.05.37:909][  0]LogRHI:   GL_ARB_vertex_type_10f_11f_11f_rev
[2018.04.09-14.05.37:909][  0]LogRHI:   GL_ARB_vertex_type_2_10_10_10_rev
[2018.04.09-14.05.37:909][  0]LogRHI:   GL_ARB_viewport_array
[2018.04.09-14.05.37:909][  0]LogRHI:   GL_ATI_blend_equation_separate
[2018.04.09-14.05.37:909][  0]LogRHI:   GL_ATI_texture_float
[2018.04.09-14.05.37:909][  0]LogRHI:   GL_EXT_abgr
[2018.04.09-14.05.37:909][  0]LogRHI:   GL_EXT_blend_equation_separate
[2018.04.09-14.05.37:909][  0]LogRHI:   GL_EXT_draw_buffers2
[2018.04.09-14.05.37:909][  0]LogRHI:   GL_EXT_draw_instanced
[2018.04.09-14.05.37:909][  0]LogRHI:   GL_EXT_framebuffer_blit
[2018.04.09-14.05.37:909][  0]LogRHI:   GL_EXT_framebuffer_multisample
[2018.04.09-14.05.37:909][  0]LogRHI:   GL_EXT_framebuffer_multisample_blit_scaled
[2018.04.09-14.05.37:909][  0]LogRHI:   GL_EXT_framebuffer_sRGB
[2018.04.09-14.05.37:909][  0]LogRHI:   GL_EXT_packed_depth_stencil
[2018.04.09-14.05.37:909][  0]LogRHI:   GL_EXT_packed_float
[2018.04.09-14.05.37:909][  0]LogRHI:   GL_EXT_pixel_buffer_object
[2018.04.09-14.05.37:909][  0]LogRHI:   GL_EXT_polygon_offset_clamp
[2018.04.09-14.05.37:909][  0]LogRHI:   GL_EXT_provoking_vertex
[2018.04.09-14.05.37:909][  0]LogRHI:   GL_EXT_shader_integer_mix
[2018.04.09-14.05.37:909][  0]LogRHI:   GL_EXT_shader_samples_identical
[2018.04.09-14.05.37:910][  0]LogRHI:   GL_EXT_texture_array
[2018.04.09-14.05.37:910][  0]LogRHI:   GL_EXT_texture_compression_dxt1
[2018.04.09-14.05.37:910][  0]LogRHI:   GL_EXT_texture_compression_rgtc
[2018.04.09-14.05.37:910][  0]LogRHI:   GL_EXT_texture_compression_s3tc
[2018.04.09-14.05.37:910][  0]LogRHI:   GL_EXT_texture_filter_anisotropic
[2018.04.09-14.05.37:910][  0]LogRHI:   GL_EXT_texture_integer
[2018.04.09-14.05.37:910][  0]LogRHI:   GL_EXT_texture_sRGB
[2018.04.09-14.05.37:910][  0]LogRHI:   GL_EXT_texture_sRGB_decode
[2018.04.09-14.05.37:910][  0]LogRHI:   GL_EXT_texture_shared_exponent
[2018.04.09-14.05.37:910][  0]LogRHI:   GL_EXT_texture_snorm
[2018.04.09-14.05.37:910][  0]LogRHI:   GL_EXT_texture_swizzle
[2018.04.09-14.05.37:910][  0]LogRHI:   GL_EXT_timer_query
[2018.04.09-14.05.37:910][  0]LogRHI:   GL_EXT_transform_feedback
[2018.04.09-14.05.37:910][  0]LogRHI:   GL_EXT_vertex_array_bgra
[2018.04.09-14.05.37:910][  0]LogRHI:   GL_IBM_multimode_draw_arrays
[2018.04.09-14.05.37:910][  0]LogRHI:   GL_INTEL_performance_query
[2018.04.09-14.05.37:910][  0]LogRHI:   GL_KHR_blend_equation_advanced
[2018.04.09-14.05.37:910][  0]LogRHI:   GL_KHR_context_flush_control
[2018.04.09-14.05.37:910][  0]LogRHI:   GL_KHR_debug
[2018.04.09-14.05.37:910][  0]LogRHI:   GL_KHR_no_error
[2018.04.09-14.05.37:910][  0]LogRHI:   GL_KHR_robust_buffer_access_behavior
[2018.04.09-14.05.37:910][  0]LogRHI:   GL_KHR_robustness
[2018.04.09-14.05.37:910][  0]LogRHI:   GL_MESA_pack_invert
[2018.04.09-14.05.37:910][  0]LogRHI:   GL_MESA_shader_integer_functions
[2018.04.09-14.05.37:910][  0]LogRHI:   GL_MESA_texture_signed_rgba
[2018.04.09-14.05.37:910][  0]LogRHI:   GL_NV_conditional_render
[2018.04.09-14.05.37:910][  0]LogRHI:   GL_NV_depth_clamp
[2018.04.09-14.05.37:910][  0]LogRHI:   GL_NV_packed_depth_stencil
[2018.04.09-14.05.37:910][  0]LogRHI:   GL_NV_texture_barrier
[2018.04.09-14.05.37:910][  0]LogRHI:   GL_OES_EGL_image
[2018.04.09-14.05.37:910][  0]LogRHI:   GL_S3_s3tc
[2018.04.09-14.05.37:940][  0]LogRHI:   GL_MAX_TEXTURE_SIZE: 16384
[2018.04.09-14.05.37:940][  0]LogRHI:   GL_MAX_CUBE_MAP_TEXTURE_SIZE: 16384
[2018.04.09-14.05.37:940][  0]LogRHI:   GL_MAX_ARRAY_TEXTURE_LAYERS: 2048
[2018.04.09-14.05.37:940][  0]LogRHI:   GL_MAX_3D_TEXTURE_SIZE: 2048
[2018.04.09-14.05.37:940][  0]LogRHI:   GL_MAX_RENDERBUFFER_SIZE: 16384
[2018.04.09-14.05.37:940][  0]LogRHI:   GL_MAX_TEXTURE_IMAGE_UNITS: 32
[2018.04.09-14.05.37:940][  0]LogRHI:   GL_MAX_DRAW_BUFFERS: 8
[2018.04.09-14.05.37:940][  0]LogRHI:   GL_MAX_COLOR_ATTACHMENTS: 8
[2018.04.09-14.05.37:940][  0]LogRHI:   GL_MAX_SAMPLES: 8
[2018.04.09-14.05.37:940][  0]LogRHI:   GL_MAX_COLOR_TEXTURE_SAMPLES: 8
[2018.04.09-14.05.37:940][  0]LogRHI:   GL_MAX_DEPTH_TEXTURE_SAMPLES: 8
[2018.04.09-14.05.37:940][  0]LogRHI:   GL_MAX_INTEGER_SAMPLES: 8
[2018.04.09-14.05.37:940][  0]LogRHI:   GL_MAX_COMBINED_TEXTURE_IMAGE_UNITS: 192
[2018.04.09-14.05.37:940][  0]LogRHI:   GL_MAX_VERTEX_ATTRIBS: 16
[2018.04.09-14.05.37:940][  0]LogRHI:   GL_MAX_TEXTURE_MAX_ANISOTROPY_EXT: 16
[2018.04.09-14.05.37:940][  0]LogRHI: OpenGL MajorVersion = 4, MinorVersion = 5, ShaderPlatform = GLSL_430, FeatureLevel = SM5
[2018.04.09-14.05.37:968][  0]LogShaderCompilers: Guid format shader working directory is 14 characters bigger than the processId version (../../../../Gacha/Intermediate/Shaders/WorkingDirectory/31379/).
[2018.04.09-14.05.37:969][  0]LogShaderCompilers: Cleaned the shader compiler working directory '../../../../Gacha/Intermediate/Shaders/tmp/00035ADC25041009000503C8E67D3190/'.
[2018.04.09-14.05.37:969][  0]LogShaderCompilers: Display: Using Local Shader Compiler.
[2018.04.09-14.05.41:533][  0]LogTemp: Display: Loaded TP AllDesktopTargetPlatform
[2018.04.09-14.05.41:677][  0]LogTemp: Display: Loaded TP HTML5TargetPlatform
[2018.04.09-14.05.41:811][  0]LogTemp: Display: Loaded TP Android_ASTCTargetPlatform
[2018.04.09-14.05.41:976][  0]LogTemp: Display: Loaded TP Android_ATCTargetPlatform
[2018.04.09-14.05.42:120][  0]LogTemp: Display: Loaded TP Android_DXTTargetPlatform
[2018.04.09-14.05.42:306][  0]LogTemp: Display: Loaded TP Android_ETC1TargetPlatform
[2018.04.09-14.05.42:441][  0]LogTemp: Display: Loaded TP Android_ETC2TargetPlatform
[2018.04.09-14.05.42:739][  0]LogTemp: Display: Loaded TP Android_MultiTargetPlatform
[2018.04.09-14.05.42:759][  0]LogTemp: Display: Loaded TP Android_PVRTCTargetPlatform
[2018.04.09-14.05.43:005][  0]LogTemp: Display: Loaded TP AndroidTargetPlatform
[2018.04.09-14.05.43:214][  0]LogTemp: Display: Loaded TP LinuxClientTargetPlatform
[2018.04.09-14.05.43:469][  0]LogTemp: Display: Loaded TP LinuxNoEditorTargetPlatform
[2018.04.09-14.05.43:670][  0]LogTemp: Display: Loaded TP LinuxServerTargetPlatform
[2018.04.09-14.05.43:854][  0]LogTemp: Display: Loaded TP LinuxTargetPlatform
[2018.04.09-14.05.43:871][  0]LogTargetPlatformManager: Display: Building Assets For Linux
[2018.04.09-14.05.44:437][  0]LogDerivedDataCache: Display: Max Cache Size: 512 MB
[2018.04.09-14.05.44:437][  0]LogDerivedDataCache: Display: Starting with empty Boot cache
[2018.04.09-14.05.44:437][  0]LogDerivedDataCache: FDerivedDataBackendGraph:  Pak pak cache file ../../../../Gacha/DerivedDataCache/DDC.ddp not found, will not use a pak cache.
[2018.04.09-14.05.44:438][  0]LogDerivedDataCache: Unable to find inner node Pak for hierarchical cache Hierarchy.
[2018.04.09-14.05.44:438][  0]LogDerivedDataCache: FDerivedDataBackendGraph:  EnginePak pak cache file ../../../Engine/DerivedDataCache/DDC.ddp not found, will not use a pak cache.
[2018.04.09-14.05.44:438][  0]LogDerivedDataCache: Unable to find inner node EnginePak for hierarchical cache Hierarchy.
[2018.04.09-14.05.44:456][  0]LogDerivedDataCache: Using Local data cache path ../../../Engine/DerivedDataCache: Writable
[2018.04.09-14.05.44:456][  0]LogDerivedDataCache: Shared data cache path not found in *engine.ini, will not use an Shared cache.
[2018.04.09-14.05.44:456][  0]LogDerivedDataCache: Unable to find inner node Shared for hierarchical cache Hierarchy.
[2018.04.09-14.05.44:485][  0]LogMaterial: Verifying Global Shaders for GLSL_430
[2018.04.09-14.05.44:503][  0]LogSlate: Using Freetype 2.6.0
[2018.04.09-14.05.44:505][  0]LogSlate: SlateFontCache - WITH_FREETYPE: 1, WITH_HARFBUZZ: 0
[2018.04.09-14.05.44:506][  0]LogSlate: SlateFontCache - WITH_FREETYPE: 1, WITH_HARFBUZZ: 0
[2018.04.09-14.05.45:511][  0]LogLinux: Selected Device Profile: [Linux]
[2018.04.09-14.05.46:025][  0]LogMeshReduction: Using QuadricMeshReduction for automatic static mesh reduction
[2018.04.09-14.05.46:025][  0]LogMeshReduction: No automatic skeletal mesh reduction module available
[2018.04.09-14.05.46:025][  0]LogMeshReduction: No automatic mesh merging module available
[2018.04.09-14.05.46:025][  0]LogMeshReduction: No distributed automatic mesh merging module available
[2018.04.09-14.05.46:025][  0]LogMeshMerging: No automatic mesh merging module available
[2018.04.09-14.05.46:025][  0]LogMeshMerging: No distributed automatic mesh merging module available
[2018.04.09-14.05.46:371][  0]LogNetVersion: Gacha , NetCL: 0, EngineNetVer: 2, GameNetVer: 0 (Checksum: 1753796321)
[2018.04.09-14.05.46:871][  0]LogAssetRegistry: FAssetRegistry took 0.0142 seconds to start up
[2018.04.09-14.05.49:705][  0]LogPackageLocalizationCache: Processed 7 localized package path(s) for 2 prioritized culture(s) in 0.144514 seconds
[2018.04.09-14.05.49:775][  0]LogUObjectArray: 35531 objects as part of root set at end of initial load.
[2018.04.09-14.05.49:775][  0]LogUObjectAllocator: 7280144 out of 0 bytes used by permanent object pool.
[2018.04.09-14.05.49:775][  0]LogUObjectArray: CloseDisregardForGC: 0/0 objects in disregard for GC pool
[2018.04.09-14.05.50:296][  0]LogHAL: Linux SourceCodeAccessSettings: NullSourceCodeAccessor
[2018.04.09-14.05.52:980][  0]LogStreaming: Warning: Failed to read file '../../../Engine/Content/Editor/Slate/Launcher/Mac/Platform_Mac_24x.png' error.
[2018.04.09-14.05.52:980][  0]LogSlate: Could not find file for Slate resource: ../../../Engine/Content/Editor/Slate/Launcher/Mac/Platform_Mac_24x.png
[2018.04.09-14.05.52:980][  0]LogStreaming: Warning: Failed to read file '../../../Engine/Content/Editor/Slate/Launcher/Mac/Platform_Mac_128x.png' error.
[2018.04.09-14.05.52:981][  0]LogSlate: Could not find file for Slate resource: ../../../Engine/Content/Editor/Slate/Launcher/Mac/Platform_Mac_128x.png
[2018.04.09-14.05.52:983][  0]LogStreaming: Warning: Failed to read file '../../../Engine/Content/Editor/Slate/Launcher/Mac/Platform_Mac_128x.png' error.
[2018.04.09-14.05.52:983][  0]LogSlate: Could not find file for Slate resource: ../../../Engine/Content/Editor/Slate/Launcher/Mac/Platform_Mac_128x.png
[2018.04.09-14.05.52:984][  0]LogStreaming: Warning: Failed to read file '../../../Engine/Content/Editor/Slate/Launcher/Mac/Platform_Mac_24x.png' error.
[2018.04.09-14.05.52:984][  0]LogSlate: Could not find file for Slate resource: ../../../Engine/Content/Editor/Slate/Launcher/Mac/Platform_Mac_24x.png
[2018.04.09-14.05.52:984][  0]LogStreaming: Warning: Failed to read file '../../../Engine/Content/Editor/Slate/Launcher/Mac/Platform_Mac_128x.png' error.
[2018.04.09-14.05.52:984][  0]LogSlate: Could not find file for Slate resource: ../../../Engine/Content/Editor/Slate/Launcher/Mac/Platform_Mac_128x.png
[2018.04.09-14.05.52:987][  0]LogStreaming: Warning: Failed to read file '../../../Engine/Content/Editor/Slate/Launcher/Mac/Platform_Mac_128x.png' error.
[2018.04.09-14.05.52:987][  0]LogSlate: Could not find file for Slate resource: ../../../Engine/Content/Editor/Slate/Launcher/Mac/Platform_Mac_128x.png
[2018.04.09-14.05.52:991][  0]LogStreaming: Warning: Failed to read file '../../../Engine/Content/Editor/Slate/Launcher/Mac/Platform_Mac_24x.png' error.
[2018.04.09-14.05.52:991][  0]LogSlate: Could not find file for Slate resource: ../../../Engine/Content/Editor/Slate/Launcher/Mac/Platform_Mac_24x.png
[2018.04.09-14.05.52:991][  0]LogStreaming: Warning: Failed to read file '../../../Engine/Content/Editor/Slate/Launcher/Mac/Platform_Mac_128x.png' error.
[2018.04.09-14.05.52:991][  0]LogSlate: Could not find file for Slate resource: ../../../Engine/Content/Editor/Slate/Launcher/Mac/Platform_Mac_128x.png
[2018.04.09-14.05.52:992][  0]LogStreaming: Warning: Failed to read file '../../../Engine/Content/Editor/Slate/Launcher/Mac/Platform_Mac_128x.png' error.
[2018.04.09-14.05.52:992][  0]LogSlate: Could not find file for Slate resource: ../../../Engine/Content/Editor/Slate/Launcher/Mac/Platform_Mac_128x.png
[2018.04.09-14.05.52:992][  0]LogStreaming: Warning: Failed to read file '../../../Engine/Content/Editor/Slate/Launcher/Mac/Platform_Mac_24x.png' error.
[2018.04.09-14.05.52:992][  0]LogSlate: Could not find file for Slate resource: ../../../Engine/Content/Editor/Slate/Launcher/Mac/Platform_Mac_24x.png
[2018.04.09-14.05.52:993][  0]LogStreaming: Warning: Failed to read file '../../../Engine/Content/Editor/Slate/Launcher/Mac/Platform_Mac_128x.png' error.
[2018.04.09-14.05.52:993][  0]LogSlate: Could not find file for Slate resource: ../../../Engine/Content/Editor/Slate/Launcher/Mac/Platform_Mac_128x.png
[2018.04.09-14.05.52:994][  0]LogStreaming: Warning: Failed to read file '../../../Engine/Content/Editor/Slate/Launcher/Mac/Platform_Mac_128x.png' error.
[2018.04.09-14.05.52:994][  0]LogSlate: Could not find file for Slate resource: ../../../Engine/Content/Editor/Slate/Launcher/Mac/Platform_Mac_128x.png
[2018.04.09-14.05.53:006][  0]LogStreaming: Warning: Failed to read file '../../../Engine/Content/Editor/Slate/Launcher/Android/Platform_Android_24x.png' error.
[2018.04.09-14.05.53:006][  0]LogSlate: Could not find file for Slate resource: ../../../Engine/Content/Editor/Slate/Launcher/Android/Platform_Android_24x.png
[2018.04.09-14.05.53:007][  0]LogStreaming: Warning: Failed to read file '../../../Engine/Content/Editor/Slate/Launcher/Android/Platform_Android_128x.png' error.
[2018.04.09-14.05.53:007][  0]LogSlate: Could not find file for Slate resource: ../../../Engine/Content/Editor/Slate/Launcher/Android/Platform_Android_128x.png
[2018.04.09-14.05.53:008][  0]LogStreaming: Warning: Failed to read file '../../../Engine/Content/Editor/Slate/Launcher/Android/Platform_Android_128x.png' error.
[2018.04.09-14.05.53:008][  0]LogSlate: Could not find file for Slate resource: ../../../Engine/Content/Editor/Slate/Launcher/Android/Platform_Android_128x.png
[2018.04.09-14.05.53:008][  0]LogStreaming: Warning: Failed to read file '../../../Engine/Content/Editor/Slate/Launcher/Android/Platform_Android_24x.png' error.
[2018.04.09-14.05.53:008][  0]LogSlate: Could not find file for Slate resource: ../../../Engine/Content/Editor/Slate/Launcher/Android/Platform_Android_24x.png
[2018.04.09-14.05.53:011][  0]LogStreaming: Warning: Failed to read file '../../../Engine/Content/Editor/Slate/Launcher/Android/Platform_Android_128x.png' error.
[2018.04.09-14.05.53:011][  0]LogSlate: Could not find file for Slate resource: ../../../Engine/Content/Editor/Slate/Launcher/Android/Platform_Android_128x.png
[2018.04.09-14.05.53:011][  0]LogStreaming: Warning: Failed to read file '../../../Engine/Content/Editor/Slate/Launcher/Android/Platform_Android_128x.png' error.
[2018.04.09-14.05.53:011][  0]LogSlate: Could not find file for Slate resource: ../../../Engine/Content/Editor/Slate/Launcher/Android/Platform_Android_128x.png
[2018.04.09-14.05.53:012][  0]LogStreaming: Warning: Failed to read file '../../../Engine/Content/Editor/Slate/Launcher/Android/Platform_Android_ATC_24x.png' error.
[2018.04.09-14.05.53:012][  0]LogSlate: Could not find file for Slate resource: ../../../Engine/Content/Editor/Slate/Launcher/Android/Platform_Android_ATC_24x.png
[2018.04.09-14.05.53:013][  0]LogStreaming: Warning: Failed to read file '../../../Engine/Content/Editor/Slate/Launcher/Android/Platform_Android_128x.png' error.
[2018.04.09-14.05.53:013][  0]LogSlate: Could not find file for Slate resource: ../../../Engine/Content/Editor/Slate/Launcher/Android/Platform_Android_128x.png
[2018.04.09-14.05.53:013][  0]LogStreaming: Warning: Failed to read file '../../../Engine/Content/Editor/Slate/Launcher/Android/Platform_Android_128x.png' error.
[2018.04.09-14.05.53:013][  0]LogSlate: Could not find file for Slate resource: ../../../Engine/Content/Editor/Slate/Launcher/Android/Platform_Android_128x.png
[2018.04.09-14.05.53:015][  0]LogStreaming: Warning: Failed to read file '../../../Engine/Content/Editor/Slate/Launcher/Android/Platform_Android_DXT_24x.png' error.
[2018.04.09-14.05.53:015][  0]LogSlate: Could not find file for Slate resource: ../../../Engine/Content/Editor/Slate/Launcher/Android/Platform_Android_DXT_24x.png
[2018.04.09-14.05.53:015][  0]LogStreaming: Warning: Failed to read file '../../../Engine/Content/Editor/Slate/Launcher/Android/Platform_Android_128x.png' error.
[2018.04.09-14.05.53:015][  0]LogSlate: Could not find file for Slate resource: ../../../Engine/Content/Editor/Slate/Launcher/Android/Platform_Android_128x.png
[2018.04.09-14.05.53:016][  0]LogStreaming: Warning: Failed to read file '../../../Engine/Content/Editor/Slate/Launcher/Android/Platform_Android_128x.png' error.
[2018.04.09-14.05.53:016][  0]LogSlate: Could not find file for Slate resource: ../../../Engine/Content/Editor/Slate/Launcher/Android/Platform_Android_128x.png
[2018.04.09-14.05.53:016][  0]LogStreaming: Warning: Failed to read file '../../../Engine/Content/Editor/Slate/Launcher/Android/Platform_Android_ETC1_24x.png' error.
[2018.04.09-14.05.53:016][  0]LogSlate: Could not find file for Slate resource: ../../../Engine/Content/Editor/Slate/Launcher/Android/Platform_Android_ETC1_24x.png
[2018.04.09-14.05.53:017][  0]LogStreaming: Warning: Failed to read file '../../../Engine/Content/Editor/Slate/Launcher/Android/Platform_Android_128x.png' error.
[2018.04.09-14.05.53:017][  0]LogSlate: Could not find file for Slate resource: ../../../Engine/Content/Editor/Slate/Launcher/Android/Platform_Android_128x.png
[2018.04.09-14.05.53:017][  0]LogStreaming: Warning: Failed to read file '../../../Engine/Content/Editor/Slate/Launcher/Android/Platform_Android_128x.png' error.
[2018.04.09-14.05.53:017][  0]LogSlate: Could not find file for Slate resource: ../../../Engine/Content/Editor/Slate/Launcher/Android/Platform_Android_128x.png
[2018.04.09-14.05.53:026][  0]LogStreaming: Warning: Failed to read file '../../../Engine/Content/Editor/Slate/Launcher/Android/Platform_Android_ETC2_24x.png' error.
[2018.04.09-14.05.53:026][  0]LogSlate: Could not find file for Slate resource: ../../../Engine/Content/Editor/Slate/Launcher/Android/Platform_Android_ETC2_24x.png
[2018.04.09-14.05.53:026][  0]LogStreaming: Warning: Failed to read file '../../../Engine/Content/Editor/Slate/Launcher/Android/Platform_Android_128x.png' error.
[2018.04.09-14.05.53:026][  0]LogSlate: Could not find file for Slate resource: ../../../Engine/Content/Editor/Slate/Launcher/Android/Platform_Android_128x.png
[2018.04.09-14.05.53:027][  0]LogStreaming: Warning: Failed to read file '../../../Engine/Content/Editor/Slate/Launcher/Android/Platform_Android_128x.png' error.
[2018.04.09-14.05.53:027][  0]LogSlate: Could not find file for Slate resource: ../../../Engine/Content/Editor/Slate/Launcher/Android/Platform_Android_128x.png
[2018.04.09-14.05.53:027][  0]LogStreaming: Warning: Failed to read file '../../../Engine/Content/Editor/Slate/Launcher/Android/Platform_Android_PVRTC_24x.png' error.
[2018.04.09-14.05.53:027][  0]LogSlate: Could not find file for Slate resource: ../../../Engine/Content/Editor/Slate/Launcher/Android/Platform_Android_PVRTC_24x.png
[2018.04.09-14.05.53:028][  0]LogStreaming: Warning: Failed to read file '../../../Engine/Content/Editor/Slate/Launcher/Android/Platform_Android_128x.png' error.
[2018.04.09-14.05.53:028][  0]LogSlate: Could not find file for Slate resource: ../../../Engine/Content/Editor/Slate/Launcher/Android/Platform_Android_128x.png
[2018.04.09-14.05.53:028][  0]LogStreaming: Warning: Failed to read file '../../../Engine/Content/Editor/Slate/Launcher/Android/Platform_Android_128x.png' error.
[2018.04.09-14.05.53:028][  0]LogSlate: Could not find file for Slate resource: ../../../Engine/Content/Editor/Slate/Launcher/Android/Platform_Android_128x.png
[2018.04.09-14.05.53:029][  0]LogStreaming: Warning: Failed to read file '../../../Engine/Content/Editor/Slate/Launcher/Android/Platform_Android_ASTC_24x.png' error.
[2018.04.09-14.05.53:029][  0]LogSlate: Could not find file for Slate resource: ../../../Engine/Content/Editor/Slate/Launcher/Android/Platform_Android_ASTC_24x.png
[2018.04.09-14.05.53:029][  0]LogStreaming: Warning: Failed to read file '../../../Engine/Content/Editor/Slate/Launcher/Android/Platform_Android_128x.png' error.
[2018.04.09-14.05.53:029][  0]LogSlate: Could not find file for Slate resource: ../../../Engine/Content/Editor/Slate/Launcher/Android/Platform_Android_128x.png
[2018.04.09-14.05.53:032][  0]LogStreaming: Warning: Failed to read file '../../../Engine/Content/Editor/Slate/Launcher/Android/Platform_Android_128x.png' error.
[2018.04.09-14.05.53:032][  0]LogSlate: Could not find file for Slate resource: ../../../Engine/Content/Editor/Slate/Launcher/Android/Platform_Android_128x.png
[2018.04.09-14.06.05:221][  0]LogTcpMessaging: Initializing TcpMessaging bridge
[2018.04.09-14.06.05:261][  0]LogUdpMessaging: Initializing bridge on interface 0.0.0.0:0 to multicast group 230.0.0.1:6666.
[2018.04.09-14.06.07:755][  0]LogAndroidPermission: UAndroidPermissionCallbackProxy::GetInstance
[2018.04.09-14.06.08:966][  0]LogMaterial: Uniform references updated for custom material expression Custom.
[2018.04.09-14.06.10:678][  0]SourceControl: Source control is disabled
[2018.04.09-14.06.10:678][  0]SourceControl: Source control is disabled
[2018.04.09-14.06.10:859][  0]SourceControl: Source control is disabled
[2018.04.09-14.06.11:078][  0]SourceControl: Source control is disabled
[2018.04.09-14.06.12:367][  0]LogEngine: Initializing Engine...
[2018.04.09-14.06.12:377][  0]LogHMD: Failed to initialize OpenVR with code 110
[2018.04.09-14.06.12:423][  0]LogMaterial: Missing cached shader map for material LevelColorationLitMaterial, compiling. Is special engine material.
[2018.04.09-14.06.14:195][  0]LogMaterial: Missing cached shader map for material LevelColorationUnlitMaterial, compiling. Is special engine material.
[2018.04.09-14.06.15:455][  0]LogMaterial: Missing cached shader map for material MAT_LevelColorationLitLightmapUV, compiling. Is special engine material.
[2018.04.09-14.06.19:830][  0]LogMaterial: Missing cached shader map for material ShadedLevelColorationLitMaterial, compiling. Is special engine material.
[2018.04.09-14.06.24:148][  0]LogMaterial: Missing cached shader map for material ShadedLevelColorationUnlitMateri, compiling. Is special engine material.
[2018.04.09-14.06.25:668][  0]LogMaterial: Missing cached shader map for material VertexColorMaterial, compiling. 
[2018.04.09-14.06.26:729][  0]LogMaterial: Missing cached shader map for material VertexColorViewMode_ColorOnly, compiling. 
[2018.04.09-14.06.26:979][  0]LogMaterial: Missing cached shader map for material VertexColorViewMode_AlphaAsColor, compiling. 
[2018.04.09-14.06.27:168][  0]LogMaterial: Missing cached shader map for material VertexColorViewMode_RedOnly, compiling. 
[2018.04.09-14.06.27:599][  0]LogMaterial: Missing cached shader map for material VertexColorViewMode_GreenOnly, compiling. 
[2018.04.09-14.06.28:090][  0]LogMaterial: Missing cached shader map for material VertexColorViewMode_BlueOnly, compiling. 
[2018.04.09-14.06.28:264][  0]LogMaterial: Missing cached shader map for material RemoveSurfaceMaterial, compiling. 
[2018.04.09-14.06.28:367][  0]LogMaterial: Missing cached shader map for material DebugMeshMaterial, compiling. 
[2018.04.09-14.06.28:679][  0]LogMaterial: Missing cached shader map for material M_InvalidLightmapSettings, compiling. 
[2018.04.09-14.06.29:011][  0]LogMaterial: Missing cached shader map for material GizmoMaterial, compiling. 
[2018.04.09-14.06.29:491][  0]LogMaterial: Missing cached shader map for material PhAT_JointLimitMaterial, compiling. 
[2018.04.09-14.06.29:862][  0]LogMaterial: Missing cached shader map for material GeomMaterial, compiling. 
[2018.04.09-14.06.30:009][  0]LogMaterial: Missing cached shader map for material EditorBrushMaterial, compiling. 
[2018.04.09-14.06.30:227][  0]LogMaterial: Missing cached shader map for material BoneWeightMaterial, compiling. 
[2018.04.09-14.06.30:895][  0]LogMaterial: Missing cached shader map for material ClothMaterial, compiling. 
[2018.04.09-14.06.31:195][  0]LogMaterial: Missing cached shader map for material ClothMaterial_WF, compiling. 
[2018.04.09-14.06.31:459][  0]LogMaterial: Missing cached shader map for material DebugEditorMaterial, compiling. 
[2018.04.09-14.06.31:662][  0]LogMaterial: Missing cached shader map for material PreviewShadowIndicatorMaterial, compiling. 
[2018.04.09-14.06.33:123][  0]LogStats: UGameplayTagsManager::ConstructGameplayTagTree: Construct from data asset -  0.000 s
[2018.04.09-14.06.33:164][  0]LogStats: UGameplayTagsManager::ConstructGameplayTagTree: GameplayTagTreeChangedEvent.Broadcast -  0.041 s
[2018.04.09-14.06.55:546][  0]LogAIModule: Creating AISystem for world Untitled
[2018.04.09-14.06.56:855][  0]LogAudioMixer: Display: Audio Mixer Platform Settings:
[2018.04.09-14.06.56:855][  0]LogAudioMixer: Display: 	Sample Rate:						  48000
[2018.04.09-14.06.56:855][  0]LogAudioMixer: Display: 	Callback Buffer Frame Size Requested: 1024
[2018.04.09-14.06.56:855][  0]LogAudioMixer: Display: 	Callback Buffer Frame Size To Use:	  1024
[2018.04.09-14.06.56:855][  0]LogAudioMixer: Display: 	Number of buffers to queue:			  2
[2018.04.09-14.06.56:855][  0]LogAudioMixer: Display: 	Max Channels (voices):				  0
[2018.04.09-14.06.56:855][  0]LogAudioMixer: Display: 	Number of Async Source Workers:		  0
[2018.04.09-14.06.56:877][  0]LogAudioMixer: Display: Initializing audio mixer.
[2018.04.09-14.07.00:732][  0]LogAudioMixerSDL: Display: Initialized SDL using pulseaudio platform API backend.
[2018.04.09-14.07.02:371][  0]LogInit: FAudioDevice initialized.
[2018.04.09-14.07.03:643][  0]LogDerivedDataCache: Saved boot cache 0.09s 78MB ../../../../Gacha/DerivedDataCache/Boot.ddc.
[2018.04.09-14.07.03:684][  0]LogInit: Texture streaming: Enabled
[2018.04.09-14.07.07:961][  0]LogEngineSessionManager: EngineSessionManager initialized
[2018.04.09-14.07.11:735][  0]LogInit: Transaction tracking system initialized
[2018.04.09-14.07.15:193][  0]BlueprintLog: New page: Editor Load
[2018.04.09-14.07.54:895][  0]LocalizationService: Localization service is disabled
[2018.04.09-14.08.04:870][  0]LogConsoleResponse: Display: 
[2018.04.09-14.08.06:334][  0]LogMaterial: Missing cached shader map for material Cross_Mat, compiling. 
[2018.04.09-14.08.06:608][  0]LogMaterial: Missing cached shader map for material PhAT_BoneSelectedMaterial, compiling. 
[2018.04.09-14.08.06:712][  0]LogMaterial: Missing cached shader map for material PhAT_ElemSelectedMaterial, compiling. 
[2018.04.09-14.08.06:845][  0]LogMaterial: Missing cached shader map for material PhAT_NoCollisionMaterial, compiling. 
[2018.04.09-14.08.07:024][  0]LogMaterial: Missing cached shader map for material PhAT_UnselectedMaterial, compiling. 
[2018.04.09-14.08.07:853][  0]LogMaterial: Missing cached shader map for material Tick_Mat, compiling. 
[2018.04.09-14.08.08:088][  0]LogMaterial: Missing cached shader map for material WidgetGridVertexColorMaterial_Ma, compiling. 
[2018.04.09-14.08.08:357][  0]LogMaterial: Missing cached shader map for material WidgetMaterial, compiling. 
[2018.04.09-14.08.08:436][  0]LogMaterial: Missing cached shader map for material WidgetMaterial_Current, compiling. 
[2018.04.09-14.08.08:605][  0]LogMaterial: Missing cached shader map for material WidgetMaterial_X, compiling. 
[2018.04.09-14.08.08:710][  0]LogMaterial: Missing cached shader map for material WidgetMaterial_Y, compiling. 
[2018.04.09-14.08.08:932][  0]LogMaterial: Missing cached shader map for material WidgetMaterial_Z, compiling. 
[2018.04.09-14.08.09:087][  0]LogMaterial: Missing cached shader map for material WidgetVertexColorMaterial, compiling. 
[2018.04.09-14.08.10:277][  0]LogMaterial: Missing cached shader map for material LevelGridMaterial, compiling. 
[2018.04.09-14.08.11:609][  0]LogMaterial: Missing cached shader map for material BlinkingCaret, compiling. 
[2018.04.09-14.08.12:869][  0]LogMaterial: Missing cached shader map for material M_StreamingPause, compiling. 
[2018.04.09-14.08.13:950][  0]LogFileCache: Scanning file cache for directory '/home/joris/Gacha/Content/' took 0.11s
[2018.04.09-14.08.13:950][  0]LogCook: Display: Max memory allowance for cook 16384mb min free memory 0mb
[2018.04.09-14.08.13:950][  0]LogCook: Display: Mobile HDR setting 1
[2018.04.09-14.08.14:217][  0]LogGameplayTags: Display: UGameplayTagsManager::DoneAddingNativeTags. DelegateIsBound: 0
[2018.04.09-14.08.24:606][  0]SourceControl: Source control is disabled
[2018.04.09-14.08.24:925][  0]Cmd: MAP LOAD FILE="../../../Engine/Content/Maps/Templates/Template_Default.umap" TEMPLATE=1 SHOWPROGRESS=1 FEATURELEVEL=3
[2018.04.09-14.08.25:053][  0]LightingResults: New page: Lighting Build
[2018.04.09-14.08.25:652][  0]MapCheck: New page: Map Check
[2018.04.09-14.08.25:652][  0]LightingResults: New page: Lighting Build
[2018.04.09-14.08.28:872][  0]LogMaterial: Missing cached shader map for material M_Sky_Panning_Clouds2, compiling. 
[2018.04.09-14.08.30:134][  0]LogAIModule: Creating AISystem for world Untitled_1
[2018.04.09-14.08.30:176][  0]LogEditorServer: Finished looking for orphan Actors (0.000 secs)
[2018.04.09-14.08.30:386][  0]Cmd: MAP CHECKDEP NOCLEARLOG
[2018.04.09-14.08.30:508][  0]MapCheck: Map check complete: 0 Error(s), 0 Warning(s), took 121.055ms to complete.
[2018.04.09-14.08.30:508][  0]LogFileHelpers: Loading map 'Template_Default' took 5.650
[2018.04.09-14.08.30:773][  0]LogLinux: Scale at X=320.000000, Y=193.500000: 1.000000 (monitor=#0, HDPI=96.000000 (horz scale: 1.000000), VDPI=96.000000 (vert scale: 1.000000))
[2018.04.09-14.08.30:773][  0]LogLinux: Scale at X=965.000000, Y=558.500000: 1.000000 (monitor=#0, HDPI=96.000000 (horz scale: 1.000000), VDPI=96.000000 (vert scale: 1.000000))
[2018.04.09-14.08.31:013][  0]LogLinux: Scale at X=0.000000, Y=27.000000: 1.000000 (monitor=#0, HDPI=96.000000 (horz scale: 1.000000), VDPI=96.000000 (vert scale: 1.000000))
[2018.04.09-14.08.31:614][  0]LogCollectionManager: Loaded 0 collections in 0.002182 seconds
[2018.04.09-14.08.31:763][  0]LogFileCache: Scanning file cache for directory '/home/joris/Gacha/Saved/Collections/' took 0.01s
[2018.04.09-14.08.31:763][  0]LogFileCache: Scanning file cache for directory '/home/joris/Gacha/Content/Developers/joris/Collections/' took 0.01s
[2018.04.09-14.08.31:764][  0]LogFileCache: Scanning file cache for directory '/home/joris/Gacha/Content/Collections/' took 0.01s
[2018.04.09-14.08.31:764][  0]LogContentBrowser: Native class hierarchy populated in 0.1362 seconds. Added 2345 classes and 496 folders.
[2018.04.09-14.08.31:768][  0]LogCollectionManager: Rebuilt the GUID cache for 0 collections in 0.000001 seconds
[2018.04.09-14.08.32:212][  0]LogContentBrowser: Native class hierarchy updated for 'WidgetCarousel' in 0.0008 seconds. Added 0 classes and 0 folders.
[2018.04.09-14.08.32:947][  0]LogContentBrowser: Native class hierarchy updated for 'AddContentDialog' in 0.0008 seconds. Added 0 classes and 0 folders.
[2018.04.09-14.08.33:430][  0]LogContentBrowser: Native class hierarchy updated for 'SceneOutliner' in 0.0008 seconds. Added 1 classes and 2 folders.
[2018.04.09-14.08.34:953][  0]LogLinux: Scale at X=0.000000, Y=27.000000: 1.000000 (monitor=#0, HDPI=96.000000 (horz scale: 1.000000), VDPI=96.000000 (vert scale: 1.000000))
[2018.04.09-14.08.34:953][  0]LogLinux: Scale at X=455.000000, Y=235.000000: 1.000000 (monitor=#0, HDPI=96.000000 (horz scale: 1.000000), VDPI=96.000000 (vert scale: 1.000000))
[2018.04.09-14.08.34:954][  0]LogLinux: Scale at X=960.000000, Y=540.000000: 1.000000 (monitor=#0, HDPI=96.000000 (horz scale: 1.000000), VDPI=96.000000 (vert scale: 1.000000))
[2018.04.09-14.08.35:553][  0]LogTexture: Display: Building textures: Blueprint_64x (BGRA8, 64X64)
[2018.04.09-14.08.35:554][  0]LogTexture: Display: Building textures: icon_Editor_Preferences_General_40x (BGRA8, 40X40)
[2018.04.09-14.08.35:554][  0]LogTexture: Display: Building textures: Paper2DSprite_TutorialIcon (BGRA8, 64X64)
[2018.04.09-14.08.35:554][  0]LogTexture: Display: Building textures: icon_ShowSkeletalMeshes_40x (BGRA8, 40X40)
[2018.04.09-14.08.35:554][  0]LogTexture: Display: Building textures: Landscape (BGRA8, 40X40)
[2018.04.09-14.08.35:554][  0]LogTexture: Display: Building textures: Foliage (BGRA8, 40X40)
[2018.04.09-14.08.35:554][  0]LogLinux: Scale at X=455.000000, Y=235.000000: 1.000000 (monitor=#0, HDPI=96.000000 (horz scale: 1.000000), VDPI=96.000000 (vert scale: 1.000000))
[2018.04.09-14.08.36:032][  0]LogContentBrowser: Native class hierarchy updated for 'HierarchicalLODOutliner' in 0.0007 seconds. Added 1 classes and 2 folders.
[2018.04.09-14.08.36:035][  0]LogLoad: (Engine Initialization) Total time: 370.00 seconds
[2018.04.09-14.08.36:035][  0]LogLoad: (Engine Initialization) Total Blueprint compile time: 0.00 seconds
[2018.04.09-14.08.36:035][  0]LogExternalProfiler: No external profilers were discovered.  External profiling features will not be available.
[2018.04.09-14.08.36:739][  0]LogSlate: Took 0.032394 seconds to synchronously load lazily loaded font '../../../Engine/Content/Slate/Fonts/Roboto-Regular.ttf' (155K)
[2018.04.09-14.08.36:767][  0]LogSlate: Took 0.018832 seconds to synchronously load lazily loaded font '../../../Engine/Content/Slate/Fonts/Roboto-Bold.ttf' (160K)
[2018.04.09-14.08.36:847][  0]LogSlate: Took 0.065114 seconds to synchronously load lazily loaded font '../../../Engine/Content/Editor/Slate/Fonts/FontAwesome.ttf' (139K)
[2018.04.09-14.08.37:845][  0]LogTexture: Display: Building textures: LevelGrid1DStripes (BGRA8, 4096X1)
[2018.04.09-14.08.37:845][  0]LogMaterial: Missing cached shader map for material LevelGridMaterial2, compiling. 
[2018.04.09-14.08.40:543][  0]LogRenderer: Reallocating scene render targets to support 1208x584 Format 10 NumSamples 1 (Frame:1).
[2018.04.09-14.09.05:860][  0]LogLinux: Setting swap interval to 'Immediate'
[2018.04.09-14.09.09:617][  0]LogInit: Adding external input plugin.
[2018.04.09-14.09.37:756][  0]LogContentStreaming: Texture pool size now 1000 MB
[2018.04.09-14.09.56:530][  0]LogTexture: Display: Building textures: icon_tab_Levels_40x (BGRA8, 40X40)
[2018.04.09-14.10.19:539][  1]LogLinux: Scale at X=0.000000, Y=27.000000: 1.000000 (monitor=#0, HDPI=96.000000 (horz scale: 1.000000), VDPI=96.000000 (vert scale: 1.000000))
[2018.04.09-14.10.19:547][  1]LogLinux: Scale at X=960.000000, Y=540.000000: 1.000000 (monitor=#0, HDPI=96.000000 (horz scale: 1.000000), VDPI=96.000000 (vert scale: 1.000000))
[2018.04.09-14.10.19:760][  1]LogLinux: Scale at X=960.000000, Y=540.000000: 1.000000 (monitor=#0, HDPI=96.000000 (horz scale: 1.000000), VDPI=96.000000 (vert scale: 1.000000))
[2018.04.09-14.10.23:952][  1]LogSlate: Took 0.026670 seconds to synchronously load lazily loaded font '../../../Engine/Content/Slate/Fonts/Roboto-Light.ttf' (159K)
[2018.04.09-14.10.25:610][  2]LogLinux: Setting swap interval to 'Immediate'
[2018.04.09-14.10.27:537][  6]LogAssetRegistry: Asset discovery search completed in 280.6699 seconds
[2018.04.09-14.10.27:575][  6]LogCollectionManager: Rebuilt the object cache for 0 collections in 0.000005 seconds (found 0 objects)
[2018.04.09-14.10.27:575][  6]LogCollectionManager: Fixed up redirectors for 0 collections in 0.000103 seconds (updated 0 objects)
[2018.04.09-14.10.34:125][ 98]LogHttp: Warning: 0x7f6530f1b080: request failed, libcurl error: 6 (Couldn't resolve host name)
[2018.04.09-14.10.34:125][ 98]LogHttp: Warning: 0x7f6530f1b080: libcurl info message cache 0 (Could not resolve host: datarouter.ol.epicgames.com)
[2018.04.09-14.10.34:125][ 98]LogHttp: Warning: 0x7f6530f1b080: libcurl info message cache 1 (Closing connection 0)
[2018.04.09-14.11.32:046][472]LogLinux: Scale at X=0.000000, Y=27.000000: 1.000000 (monitor=#0, HDPI=96.000000 (horz scale: 1.000000), VDPI=96.000000 (vert scale: 1.000000))
[2018.04.09-14.11.32:273][472]LogLinux: Scale at X=960.000000, Y=540.000000: 1.000000 (monitor=#0, HDPI=96.000000 (horz scale: 1.000000), VDPI=96.000000 (vert scale: 1.000000))
[2018.04.09-14.11.32:386][472]LogLinux: Scale at X=960.000000, Y=540.000000: 1.000000 (monitor=#0, HDPI=96.000000 (horz scale: 1.000000), VDPI=96.000000 (vert scale: 1.000000))
[2018.04.09-14.12.33:336][472]LogSlate: Took 0.099333 seconds to synchronously load lazily loaded font '../../../Engine/Content/Slate/Fonts/Roboto-Light.ttf' (159K)
[2018.04.09-14.13.02:659][473]LogLinux: Setting swap interval to 'Immediate'
[2018.04.09-14.14.00:573][ 17]LogLinux: Scale at X=960.000000, Y=540.000000: 1.000000 (monitor=#0, HDPI=96.000000 (horz scale: 1.000000), VDPI=96.000000 (vert scale: 1.000000))
[2018.04.09-14.18.24:856][979]LogEditorViewport: Clicking on Actor (LMB): BP_Sky_Sphere_C (Sky Sphere)
[2018.04.09-14.18.28:200][979]LogEditorViewport: Clicking on Actor (LMB): BP_Sky_Sphere_C (Sky Sphere)
[2018.04.09-14.18.28:426][979]LogEditorViewport: Clicking on Actor (LMB): BP_Sky_Sphere_C (Sky Sphere)
[2018.04.09-14.18.28:528][979]LogEditorViewport: Clicking on Actor (LMB): BP_Sky_Sphere_C (Sky Sphere)
[2018.04.09-14.18.59:678][341]LogLinux: Setting swap interval to 'Immediate'
[2018.04.09-14.21.49:379][556]LogLinux: Scale at X=0.000000, Y=27.000000: 1.000000 (monitor=#0, HDPI=96.000000 (horz scale: 1.000000), VDPI=96.000000 (vert scale: 1.000000))
[2018.04.09-14.21.49:379][556]LogLinux: Scale at X=960.000000, Y=540.000000: 1.000000 (monitor=#0, HDPI=96.000000 (horz scale: 1.000000), VDPI=96.000000 (vert scale: 1.000000))
[2018.04.09-14.21.49:379][556]LogLinux: Scale at X=960.000000, Y=540.000000: 1.000000 (monitor=#0, HDPI=96.000000 (horz scale: 1.000000), VDPI=96.000000 (vert scale: 1.000000))
[2018.04.09-14.21.49:498][557]LogLinux: Setting swap interval to 'Immediate'
[2018.04.09-14.23.06:981][377]LogSlate: Took 0.043724 seconds to synchronously load lazily loaded font '../../../Engine/Content/Editor/Slate/Fonts/Roboto-Italic.ttf' (157K)
[2018.04.09-14.23.39:128][671]LogTexture: Display: Building textures: coree-du-nord-les-provocations-de-kim-jong-un-pourraient-entrainer-la-destruction-du-pays (AutoDXT, 460X340)
[2018.04.09-14.23.39:129][671]LogTexture: Display: Building textures: 7791288718_johnny-hallyday-le-15-decembre-2003 (BGRA8, 1999X1333)
[2018.04.09-14.23.39:131][671]LogTexture: Display: Building textures: electricity (AutoDXT, 512X512)
[2018.04.09-14.23.41:366][671]LogTexture: Display: Building textures: 0bfe48b1fda20fe8524ecf1d47b9af2d (BGRA8, 668X447)
[2018.04.09-14.23.41:366][671]LogTexture: Display: Building textures: 17231k (BGRA8, 1640X2186)
[2018.04.09-14.23.41:504][671]LogLinux: Scale at X=796.000000, Y=255.000000: 1.000000 (monitor=#0, HDPI=96.000000 (horz scale: 1.000000), VDPI=96.000000 (vert scale: 1.000000))
[2018.04.09-14.23.43:949][694]LogLinux: Scale at X=796.000000, Y=255.000000: 1.000000 (monitor=#0, HDPI=96.000000 (horz scale: 1.000000), VDPI=96.000000 (vert scale: 1.000000))
[2018.04.09-14.23.44:144][696]LogLinux: Setting swap interval to 'Immediate'
[2018.04.09-14.23.46:064][731]LogLinux: Scale at X=1105.000000, Y=378.000000: 1.000000 (monitor=#0, HDPI=96.000000 (horz scale: 1.000000), VDPI=96.000000 (vert scale: 1.000000))
[2018.04.09-14.23.46:820][732]LogLinux: Setting swap interval to 'Immediate'
[2018.04.09-14.23.47:773][750]LogLinux: Scale at X=0.000000, Y=27.000000: 1.000000 (monitor=#0, HDPI=96.000000 (horz scale: 1.000000), VDPI=96.000000 (vert scale: 1.000000))
[2018.04.09-14.23.47:773][750]LogLinux: Scale at X=960.000000, Y=540.000000: 1.000000 (monitor=#0, HDPI=96.000000 (horz scale: 1.000000), VDPI=96.000000 (vert scale: 1.000000))
[2018.04.09-14.23.47:801][750]LogLinux: Scale at X=960.000000, Y=540.000000: 1.000000 (monitor=#0, HDPI=96.000000 (horz scale: 1.000000), VDPI=96.000000 (vert scale: 1.000000))
[2018.04.09-14.23.47:902][750]LogSlate: Took 0.024455 seconds to synchronously load lazily loaded font '../../../Engine/Content/Slate/Fonts/Roboto-Light.ttf' (159K)
[2018.04.09-14.23.48:152][750]LogLinux: Setting swap interval to 'Immediate'
[2018.04.09-14.23.48:645][750]LogLinux: Scale at X=0.000000, Y=27.000000: 1.000000 (monitor=#0, HDPI=96.000000 (horz scale: 1.000000), VDPI=96.000000 (vert scale: 1.000000))
[2018.04.09-14.23.48:645][750]LogLinux: Scale at X=331.000000, Y=192.775024: 1.000000 (monitor=#0, HDPI=96.000000 (horz scale: 1.000000), VDPI=96.000000 (vert scale: 1.000000))
[2018.04.09-14.23.48:646][750]LogLinux: Scale at X=960.000000, Y=540.000000: 1.000000 (monitor=#0, HDPI=96.000000 (horz scale: 1.000000), VDPI=96.000000 (vert scale: 1.000000))
[2018.04.09-14.23.50:348][750]LogSlate: Took 0.014658 seconds to synchronously load lazily loaded font '../../../Engine/Content/Slate/Fonts/Roboto-Regular.ttf' (155K)
[2018.04.09-14.23.52:337][750]LogContentBrowser: Native class hierarchy updated for 'BlueprintGraph' in 0.1322 seconds. Added 116 classes and 0 folders.
[2018.04.09-14.23.57:482][750]LogSlate: Took 0.031531 seconds to synchronously load lazily loaded font '../../../Engine/Content/Editor/Slate/Fonts/Roboto-BoldCondensed.ttf' (158K)
[2018.04.09-14.23.58:235][752]LogLinux: Setting swap interval to 'Immediate'
[2018.04.09-14.24.04:427][797]LogLinux: Scale at X=1186.000000, Y=818.000000: 1.000000 (monitor=#0, HDPI=96.000000 (horz scale: 1.000000), VDPI=96.000000 (vert scale: 1.000000))
[2018.04.09-14.24.04:715][799]LogLinux: Setting swap interval to 'Immediate'
[2018.04.09-14.24.12:016][876]LogLinux: Scale at X=0.000000, Y=27.000000: 1.000000 (monitor=#0, HDPI=96.000000 (horz scale: 1.000000), VDPI=96.000000 (vert scale: 1.000000))
[2018.04.09-14.24.12:017][876]LogLinux: Scale at X=960.000000, Y=540.000000: 1.000000 (monitor=#0, HDPI=96.000000 (horz scale: 1.000000), VDPI=96.000000 (vert scale: 1.000000))
[2018.04.09-14.24.12:023][876]LogLinux: Scale at X=960.000000, Y=540.000000: 1.000000 (monitor=#0, HDPI=96.000000 (horz scale: 1.000000), VDPI=96.000000 (vert scale: 1.000000))
[2018.04.09-14.24.12:271][877]LogLinux: Setting swap interval to 'Immediate'
[2018.04.09-14.24.15:796][900]LogLinux: Scale at X=1304.000000, Y=760.000000: 1.000000 (monitor=#0, HDPI=96.000000 (horz scale: 1.000000), VDPI=96.000000 (vert scale: 1.000000))
[2018.04.09-14.24.16:202][902]LogLinux: Setting swap interval to 'Immediate'
[2018.04.09-14.25.13:498][570]LogLinux: Scale at X=825.119995, Y=397.000000: 1.000000 (monitor=#0, HDPI=96.000000 (horz scale: 1.000000), VDPI=96.000000 (vert scale: 1.000000))
[2018.04.09-14.25.13:639][571]LogLinux: Setting swap interval to 'Immediate'
[2018.04.09-14.25.28:871][695]LogLinux: Scale at X=0.000000, Y=27.000000: 1.000000 (monitor=#0, HDPI=96.000000 (horz scale: 1.000000), VDPI=96.000000 (vert scale: 1.000000))
[2018.04.09-14.25.28:871][695]LogLinux: Scale at X=960.000000, Y=540.000000: 1.000000 (monitor=#0, HDPI=96.000000 (horz scale: 1.000000), VDPI=96.000000 (vert scale: 1.000000))
[2018.04.09-14.25.28:871][695]LogLinux: Scale at X=960.000000, Y=540.000000: 1.000000 (monitor=#0, HDPI=96.000000 (horz scale: 1.000000), VDPI=96.000000 (vert scale: 1.000000))
[2018.04.09-14.25.29:189][696]LogLinux: Setting swap interval to 'Immediate'
[2018.04.09-14.25.39:644][803]LogLinux: Scale at X=0.000000, Y=27.000000: 1.000000 (monitor=#0, HDPI=96.000000 (horz scale: 1.000000), VDPI=96.000000 (vert scale: 1.000000))
[2018.04.09-14.25.39:646][803]LogLinux: Scale at X=960.000000, Y=540.000000: 1.000000 (monitor=#0, HDPI=96.000000 (horz scale: 1.000000), VDPI=96.000000 (vert scale: 1.000000))
[2018.04.09-14.25.39:646][803]LogLinux: Scale at X=960.000000, Y=540.000000: 1.000000 (monitor=#0, HDPI=96.000000 (horz scale: 1.000000), VDPI=96.000000 (vert scale: 1.000000))
[2018.04.09-14.25.39:918][804]LogLinux: Setting swap interval to 'Immediate'
[2018.04.09-14.25.43:963][832]LogLinux: Scale at X=1074.000000, Y=684.000000: 1.000000 (monitor=#0, HDPI=96.000000 (horz scale: 1.000000), VDPI=96.000000 (vert scale: 1.000000))
[2018.04.09-14.25.44:214][834]LogLinux: Setting swap interval to 'Immediate'
[2018.04.09-14.26.03:305][ 28]BlueprintLog: New page: Compile Untitled
[2018.04.09-14.26.14:406][122]LogLinux: Scale at X=331.000000, Y=193.000000: 1.000000 (monitor=#0, HDPI=96.000000 (horz scale: 1.000000), VDPI=96.000000 (vert scale: 1.000000))
[2018.04.09-14.28.15:870][508]LogLinux: Scale at X=125.500000, Y=332.000000: 1.000000 (monitor=#0, HDPI=96.000000 (horz scale: 1.000000), VDPI=96.000000 (vert scale: 1.000000))
[2018.04.09-14.28.16:022][509]LogLinux: Setting swap interval to 'Immediate'
[2018.04.09-14.28.19:286][568]LogLinux: Scale at X=0.000000, Y=27.000000: 1.000000 (monitor=#0, HDPI=96.000000 (horz scale: 1.000000), VDPI=96.000000 (vert scale: 1.000000))
[2018.04.09-14.28.19:286][568]LogLinux: Scale at X=379.000000, Y=199.000000: 1.000000 (monitor=#0, HDPI=96.000000 (horz scale: 1.000000), VDPI=96.000000 (vert scale: 1.000000))
[2018.04.09-14.28.19:293][568]LogLinux: Scale at X=960.000000, Y=540.000000: 1.000000 (monitor=#0, HDPI=96.000000 (horz scale: 1.000000), VDPI=96.000000 (vert scale: 1.000000))
[2018.04.09-14.28.19:468][568]LogLinux: Setting swap interval to 'Immediate'
[2018.04.09-14.28.33:888][633]LogLinux: Scale at X=0.000000, Y=27.000000: 1.000000 (monitor=#0, HDPI=96.000000 (horz scale: 1.000000), VDPI=96.000000 (vert scale: 1.000000))
[2018.04.09-14.28.33:888][633]LogLinux: Scale at X=379.000000, Y=199.000000: 1.000000 (monitor=#0, HDPI=96.000000 (horz scale: 1.000000), VDPI=96.000000 (vert scale: 1.000000))
[2018.04.09-14.28.33:889][633]LogLinux: Scale at X=960.000000, Y=540.000000: 1.000000 (monitor=#0, HDPI=96.000000 (horz scale: 1.000000), VDPI=96.000000 (vert scale: 1.000000))
[2018.04.09-14.28.34:005][633]LogLinux: Setting swap interval to 'Immediate'
[2018.04.09-14.28.47:452][633]LogLinux: Scale at X=0.000000, Y=27.000000: 1.000000 (monitor=#0, HDPI=96.000000 (horz scale: 1.000000), VDPI=96.000000 (vert scale: 1.000000))
[2018.04.09-14.28.47:452][633]LogLinux: Scale at X=960.000000, Y=540.000000: 1.000000 (monitor=#0, HDPI=96.000000 (horz scale: 1.000000), VDPI=96.000000 (vert scale: 1.000000))
[2018.04.09-14.28.47:453][633]LogLinux: Scale at X=960.000000, Y=540.000000: 1.000000 (monitor=#0, HDPI=96.000000 (horz scale: 1.000000), VDPI=96.000000 (vert scale: 1.000000))
[2018.04.09-14.28.47:601][633]LogLinux: Setting swap interval to 'Immediate'
[2018.04.09-14.28.48:798][633]Cmd: OBJ SAVEPACKAGE PACKAGE="/Game/LevelTest" FILE="../../../../Gacha/Content/LevelTest.umap" SILENT=true AUTOSAVING=false KEEPDIRTY=false
[2018.04.09-14.28.49:344][633]LogSavePackage: Save=468.46ms
[2018.04.09-14.28.49:344][633]LogSavePackage: Moving '../../../../Gacha/Saved/LevelTestB29AA7DF31041009001C00943968F7F4.tmp' to '../../../../Gacha/Content/LevelTest.umap'
[2018.04.09-14.28.49:346][633]LogSavePackage: Display: Finished SavePackage ../../../../Gacha/Content/LevelTest.umap
[2018.04.09-14.28.49:381][633]Cmd: OBJ SAVEPACKAGE PACKAGE="/Game/LevelTest_BuiltData" FILE="../../../../Gacha/Content/LevelTest_BuiltData.uasset" SILENT=true
[2018.04.09-14.28.49:503][633]LogSavePackage: Save=119.68ms
[2018.04.09-14.28.49:503][633]LogSavePackage: Moving '../../../../Gacha/Saved/LevelTest_BuiltDataB29D220631041009001C017F396C8258.tmp' to '../../../../Gacha/Content/LevelTest_BuiltData.uasset'
[2018.04.09-14.28.49:504][633]LogSavePackage: Display: Finished SavePackage ../../../../Gacha/Content/LevelTest_BuiltData.uasset
[2018.04.09-14.28.49:517][633]LogFileHelpers: Saving map 'LevelTest' took 5.683
